[09-Aug-2013 02:01:44 UTC] PHP Fatal error:  Uncaught exception 'janderson\protocol\http\HTTPException' with message 'Path not found' in /home/janderson/git/janderson/protocol/http/handler/StaticFileHandler.php:40
Stack trace:
#0 /home/janderson/git/janderson/server.php(239): janderson\protocol\http\handler\StaticFileHandler->__construct('assets')
#1 {main}
  thrown in /home/janderson/git/janderson/protocol/http/handler/StaticFileHandler.php on line 40
[09-Aug-2013 02:03:54 UTC] INFO: Handling requests for / with static files from public
[09-Aug-2013 02:03:54 UTC] INFO: Handling requests for /jsonrpc with JSON-RPC handler
[09-Aug-2013 02:03:54 UTC] INFO: Handling Websocket requests for /echo with janderson\protocol\handler\EchoHandler
[09-Aug-2013 02:03:58 UTC] DEBUG: Logger created. Level set to debug
[09-Aug-2013 02:03:58 UTC] INFO: Handling requests for / with static files from public
[09-Aug-2013 02:03:58 UTC] INFO: Handling requests for /jsonrpc with JSON-RPC handler
[09-Aug-2013 02:03:58 UTC] INFO: Handling Websocket requests for /echo with janderson\protocol\handler\EchoHandler
[09-Aug-2013 02:05:13 UTC] DEBUG: Logger created. Level set to debug
[09-Aug-2013 02:05:13 UTC] INFO: Handling requests for / with static files from public
[09-Aug-2013 02:05:13 UTC] INFO: Handling requests for /jsonrpc/ with JSON-RPC handler
[09-Aug-2013 02:05:13 UTC] INFO: Handling Websocket requests for /echo with janderson\protocol\handler\EchoHandler
[09-Aug-2013 02:06:06 UTC] DEBUG: Logger created. Level set to debug
[09-Aug-2013 02:06:06 UTC] INFO: Handling requests for / with static files from public
[09-Aug-2013 02:06:06 UTC] INFO: Handling requests for /jsonrpc/ with JSON-RPC handler
[09-Aug-2013 02:06:06 UTC] INFO: Handling Websocket requests for /echo with janderson\protocol\handler\EchoHandler
[09-Aug-2013 02:07:55 UTC] DEBUG: Logger created. Level set to debug
[09-Aug-2013 02:07:55 UTC] INFO: Handling requests for / with static files from public
[09-Aug-2013 02:07:55 UTC] INFO: Handling requests for /jsonrpc/ with JSON-RPC handler
[09-Aug-2013 02:07:55 UTC] INFO: Handling Websocket requests for /echo with janderson\protocol\handler\EchoHandler
[09-Aug-2013 02:09:02 UTC] DEBUG: Logger created. Level set to debug
[09-Aug-2013 02:09:02 UTC] INFO: Handling requests for /jsonrpc/ with JSON-RPC handler
[09-Aug-2013 02:09:02 UTC] INFO: Handling requests for / with static files from public
[09-Aug-2013 02:09:02 UTC] INFO: Handling Websocket requests for /echo with janderson\protocol\handler\EchoHandler
[09-Aug-2013 02:09:13 UTC] JSONRPC Handler!
[09-Aug-2013 02:09:13 UTC] PHP Warning:  include(/home/janderson/git/janderson/protocol/http/handler/HTTP.php): failed to open stream: No such file or directory in /home/janderson/git/janderson/server.php on line 15
[09-Aug-2013 02:09:13 UTC] PHP Stack trace:
[09-Aug-2013 02:09:13 UTC] PHP   1. {main}() /home/janderson/git/janderson/server.php:0
[09-Aug-2013 02:09:13 UTC] PHP   2. janderson\socket\server\Server->run() /home/janderson/git/janderson/server.php:288
[09-Aug-2013 02:09:13 UTC] PHP   3. janderson\socket\server\Server->recv() /home/janderson/git/janderson/socket/server/Server.php:137
[09-Aug-2013 02:09:13 UTC] PHP   4. janderson\protocol\handler\WebsocketHandler->read() /home/janderson/git/janderson/socket/server/Server.php:256
[09-Aug-2013 02:09:13 UTC] PHP   5. janderson\protocol\handler\HTTPHandler->read() /home/janderson/git/janderson/protocol/handler/WebsocketHandler.php:95
[09-Aug-2013 02:09:13 UTC] PHP   6. janderson\protocol\handler\WebsocketHandler->dispatch() /home/janderson/git/janderson/protocol/handler/HTTPHandler.php:149
[09-Aug-2013 02:09:13 UTC] PHP   7. janderson\protocol\handler\HTTPHandler->dispatch() /home/janderson/git/janderson/protocol/handler/WebsocketHandler.php:159
[09-Aug-2013 02:09:13 UTC] PHP   8. janderson\protocol\http\handler\Dispatcher->handle() /home/janderson/git/janderson/protocol/handler/HTTPHandler.php:167
[09-Aug-2013 02:09:13 UTC] PHP   9. janderson\protocol\http\handler\JSONRPCHandler->handle() /home/janderson/git/janderson/protocol/http/handler/Dispatcher.php:64
[09-Aug-2013 02:09:13 UTC] PHP  10. janderson\{closure}() /home/janderson/git/janderson/protocol/http/handler/Dispatcher.php:0
[09-Aug-2013 02:09:13 UTC] PHP Warning:  include(): Failed opening '/home/janderson/git/janderson/protocol/http/handler/HTTP.php' for inclusion (include_path='.:/usr/share/php:/usr/share/pear') in /home/janderson/git/janderson/server.php on line 15
[09-Aug-2013 02:09:13 UTC] PHP Stack trace:
[09-Aug-2013 02:09:13 UTC] PHP   1. {main}() /home/janderson/git/janderson/server.php:0
[09-Aug-2013 02:09:13 UTC] PHP   2. janderson\socket\server\Server->run() /home/janderson/git/janderson/server.php:288
[09-Aug-2013 02:09:13 UTC] PHP   3. janderson\socket\server\Server->recv() /home/janderson/git/janderson/socket/server/Server.php:137
[09-Aug-2013 02:09:13 UTC] PHP   4. janderson\protocol\handler\WebsocketHandler->read() /home/janderson/git/janderson/socket/server/Server.php:256
[09-Aug-2013 02:09:13 UTC] PHP   5. janderson\protocol\handler\HTTPHandler->read() /home/janderson/git/janderson/protocol/handler/WebsocketHandler.php:95
[09-Aug-2013 02:09:13 UTC] PHP   6. janderson\protocol\handler\WebsocketHandler->dispatch() /home/janderson/git/janderson/protocol/handler/HTTPHandler.php:149
[09-Aug-2013 02:09:13 UTC] PHP   7. janderson\protocol\handler\HTTPHandler->dispatch() /home/janderson/git/janderson/protocol/handler/WebsocketHandler.php:159
[09-Aug-2013 02:09:13 UTC] PHP   8. janderson\protocol\http\handler\Dispatcher->handle() /home/janderson/git/janderson/protocol/handler/HTTPHandler.php:167
[09-Aug-2013 02:09:13 UTC] PHP   9. janderson\protocol\http\handler\JSONRPCHandler->handle() /home/janderson/git/janderson/protocol/http/handler/Dispatcher.php:64
[09-Aug-2013 02:09:13 UTC] PHP  10. janderson\{closure}() /home/janderson/git/janderson/protocol/http/handler/Dispatcher.php:0
[09-Aug-2013 02:11:16 UTC] DEBUG: Logger created. Level set to debug
[09-Aug-2013 02:11:16 UTC] INFO: Handling requests for /jsonrpc/ with JSON-RPC handler
[09-Aug-2013 02:11:16 UTC] INFO: Handling requests for / with static files from public
[09-Aug-2013 02:11:16 UTC] INFO: Handling Websocket requests for /echo with janderson\protocol\handler\EchoHandler
[09-Aug-2013 02:13:39 UTC] DEBUG: Logger created. Level set to debug
[09-Aug-2013 02:13:39 UTC] INFO: Handling requests for /jsonrpc/ with JSON-RPC handler
[09-Aug-2013 02:13:39 UTC] INFO: Handling requests for / with static files from public
[09-Aug-2013 02:13:39 UTC] INFO: Handling Websocket requests for /echo with janderson\protocol\handler\EchoHandler
[09-Aug-2013 02:14:48 UTC] DEBUG: Logger created. Level set to debug
[09-Aug-2013 02:14:48 UTC] INFO: Handling requests for /jsonrpc/ with JSON-RPC handler
[09-Aug-2013 02:14:48 UTC] INFO: Handling requests for / with static files from public
[09-Aug-2013 02:14:48 UTC] INFO: Handling Websocket requests for /echo with janderson\protocol\handler\EchoHandler
[09-Aug-2013 02:14:56 UTC] PHP Warning:  Missing argument 1 for janderson\examples\chat\ChatService::test() in /home/janderson/git/janderson/examples/chat/ChatService.php on line 6
[09-Aug-2013 02:14:56 UTC] PHP Stack trace:
[09-Aug-2013 02:14:56 UTC] PHP   1. {main}() /home/janderson/git/janderson/server.php:0
[09-Aug-2013 02:14:56 UTC] PHP   2. janderson\socket\server\Server->run() /home/janderson/git/janderson/server.php:288
[09-Aug-2013 02:14:56 UTC] PHP   3. janderson\socket\server\Server->recv() /home/janderson/git/janderson/socket/server/Server.php:137
[09-Aug-2013 02:14:56 UTC] PHP   4. janderson\protocol\handler\WebsocketHandler->read() /home/janderson/git/janderson/socket/server/Server.php:256
[09-Aug-2013 02:14:56 UTC] PHP   5. janderson\protocol\handler\HTTPHandler->read() /home/janderson/git/janderson/protocol/handler/WebsocketHandler.php:95
[09-Aug-2013 02:14:56 UTC] PHP   6. janderson\protocol\handler\WebsocketHandler->dispatch() /home/janderson/git/janderson/protocol/handler/HTTPHandler.php:149
[09-Aug-2013 02:14:56 UTC] PHP   7. janderson\protocol\handler\HTTPHandler->dispatch() /home/janderson/git/janderson/protocol/handler/WebsocketHandler.php:159
[09-Aug-2013 02:14:56 UTC] PHP   8. janderson\protocol\http\handler\Dispatcher->handle() /home/janderson/git/janderson/protocol/handler/HTTPHandler.php:167
[09-Aug-2013 02:14:56 UTC] PHP   9. janderson\protocol\http\handler\JSONRPCHandler->handle() /home/janderson/git/janderson/protocol/http/handler/Dispatcher.php:64
[09-Aug-2013 02:14:56 UTC] PHP  10. janderson\protocol\http\handler\JSONRPCHandler->callService() /home/janderson/git/janderson/protocol/http/handler/JSONRPCHandler.php:87
[09-Aug-2013 02:14:56 UTC] PHP  11. call_user_func_array() /home/janderson/git/janderson/protocol/http/handler/JSONRPCHandler.php:135
[09-Aug-2013 02:14:56 UTC] PHP  12. janderson\examples\chat\ChatService::test() /home/janderson/git/janderson/protocol/http/handler/JSONRPCHandler.php:135
[09-Aug-2013 02:14:56 UTC] PHP Notice:  Undefined variable: param in /home/janderson/git/janderson/examples/chat/ChatService.php on line 7
[09-Aug-2013 02:14:56 UTC] PHP Stack trace:
[09-Aug-2013 02:14:56 UTC] PHP   1. {main}() /home/janderson/git/janderson/server.php:0
[09-Aug-2013 02:14:56 UTC] PHP   2. janderson\socket\server\Server->run() /home/janderson/git/janderson/server.php:288
[09-Aug-2013 02:14:56 UTC] PHP   3. janderson\socket\server\Server->recv() /home/janderson/git/janderson/socket/server/Server.php:137
[09-Aug-2013 02:14:56 UTC] PHP   4. janderson\protocol\handler\WebsocketHandler->read() /home/janderson/git/janderson/socket/server/Server.php:256
[09-Aug-2013 02:14:56 UTC] PHP   5. janderson\protocol\handler\HTTPHandler->read() /home/janderson/git/janderson/protocol/handler/WebsocketHandler.php:95
[09-Aug-2013 02:14:56 UTC] PHP   6. janderson\protocol\handler\WebsocketHandler->dispatch() /home/janderson/git/janderson/protocol/handler/HTTPHandler.php:149
[09-Aug-2013 02:14:56 UTC] PHP   7. janderson\protocol\handler\HTTPHandler->dispatch() /home/janderson/git/janderson/protocol/handler/WebsocketHandler.php:159
[09-Aug-2013 02:14:56 UTC] PHP   8. janderson\protocol\http\handler\Dispatcher->handle() /home/janderson/git/janderson/protocol/handler/HTTPHandler.php:167
[09-Aug-2013 02:14:56 UTC] PHP   9. janderson\protocol\http\handler\JSONRPCHandler->handle() /home/janderson/git/janderson/protocol/http/handler/Dispatcher.php:64
[09-Aug-2013 02:14:56 UTC] PHP  10. janderson\protocol\http\handler\JSONRPCHandler->callService() /home/janderson/git/janderson/protocol/http/handler/JSONRPCHandler.php:87
[09-Aug-2013 02:14:56 UTC] PHP  11. call_user_func_array() /home/janderson/git/janderson/protocol/http/handler/JSONRPCHandler.php:135
[09-Aug-2013 02:14:56 UTC] PHP  12. janderson\examples\chat\ChatService::test() /home/janderson/git/janderson/protocol/http/handler/JSONRPCHandler.php:135
[10-Aug-2013 01:45:36 UTC] DEBUG: Logger created. Level set to debug
[10-Aug-2013 01:45:36 UTC] INFO: Handling requests for /jsonrpc/ with JSON-RPC handler
[10-Aug-2013 01:45:36 UTC] INFO: Handling requests for / with static files from public
[10-Aug-2013 01:45:36 UTC] INFO: Handling Websocket requests for /echo with janderson\protocol\handler\EchoHandler
[10-Aug-2013 01:45:41 UTC] PHP Fatal error:  Using $this when not in object context in /home/janderson/git/janderson/examples/chat/ChatService.php on line 20
[10-Aug-2013 01:45:41 UTC] PHP Stack trace:
[10-Aug-2013 01:45:41 UTC] PHP   1. {main}() /home/janderson/git/janderson/server.php:0
[10-Aug-2013 01:45:41 UTC] PHP   2. janderson\socket\server\Server->run() /home/janderson/git/janderson/server.php:288
[10-Aug-2013 01:45:41 UTC] PHP   3. janderson\socket\server\Server->recv() /home/janderson/git/janderson/socket/server/Server.php:137
[10-Aug-2013 01:45:41 UTC] PHP   4. janderson\protocol\handler\WebsocketHandler->read() /home/janderson/git/janderson/socket/server/Server.php:256
[10-Aug-2013 01:45:41 UTC] PHP   5. janderson\protocol\handler\HTTPHandler->read() /home/janderson/git/janderson/protocol/handler/WebsocketHandler.php:95
[10-Aug-2013 01:45:41 UTC] PHP   6. janderson\protocol\handler\WebsocketHandler->dispatch() /home/janderson/git/janderson/protocol/handler/HTTPHandler.php:149
[10-Aug-2013 01:45:41 UTC] PHP   7. janderson\protocol\handler\HTTPHandler->dispatch() /home/janderson/git/janderson/protocol/handler/WebsocketHandler.php:159
[10-Aug-2013 01:45:41 UTC] PHP   8. janderson\protocol\http\handler\Dispatcher->handle() /home/janderson/git/janderson/protocol/handler/HTTPHandler.php:167
[10-Aug-2013 01:45:41 UTC] PHP   9. janderson\protocol\http\handler\JSONRPCHandler->handle() /home/janderson/git/janderson/protocol/http/handler/Dispatcher.php:64
[10-Aug-2013 01:45:41 UTC] PHP  10. janderson\protocol\http\handler\JSONRPCHandler->callService() /home/janderson/git/janderson/protocol/http/handler/JSONRPCHandler.php:87
[10-Aug-2013 01:45:41 UTC] PHP  11. call_user_func_array() /home/janderson/git/janderson/protocol/http/handler/JSONRPCHandler.php:135
[10-Aug-2013 01:45:41 UTC] PHP  12. janderson\examples\chat\ChatService::getRooms() /home/janderson/git/janderson/protocol/http/handler/JSONRPCHandler.php:135
[10-Aug-2013 01:45:59 UTC] DEBUG: Logger created. Level set to debug
[10-Aug-2013 01:45:59 UTC] INFO: Handling requests for /jsonrpc/ with JSON-RPC handler
[10-Aug-2013 01:45:59 UTC] INFO: Handling requests for / with static files from public
[10-Aug-2013 01:45:59 UTC] INFO: Handling Websocket requests for /echo with janderson\protocol\handler\EchoHandler
[10-Aug-2013 01:46:03 UTC] PHP Warning:  include(/home/janderson/git/janderson/examples/chat/Redis.php): failed to open stream: No such file or directory in /home/janderson/git/janderson/server.php on line 15
[10-Aug-2013 01:46:03 UTC] PHP Stack trace:
[10-Aug-2013 01:46:03 UTC] PHP   1. {main}() /home/janderson/git/janderson/server.php:0
[10-Aug-2013 01:46:03 UTC] PHP   2. janderson\socket\server\Server->run() /home/janderson/git/janderson/server.php:288
[10-Aug-2013 01:46:03 UTC] PHP   3. janderson\socket\server\Server->recv() /home/janderson/git/janderson/socket/server/Server.php:137
[10-Aug-2013 01:46:03 UTC] PHP   4. janderson\protocol\handler\WebsocketHandler->read() /home/janderson/git/janderson/socket/server/Server.php:256
[10-Aug-2013 01:46:03 UTC] PHP   5. janderson\protocol\handler\HTTPHandler->read() /home/janderson/git/janderson/protocol/handler/WebsocketHandler.php:95
[10-Aug-2013 01:46:03 UTC] PHP   6. janderson\protocol\handler\WebsocketHandler->dispatch() /home/janderson/git/janderson/protocol/handler/HTTPHandler.php:149
[10-Aug-2013 01:46:03 UTC] PHP   7. janderson\protocol\handler\HTTPHandler->dispatch() /home/janderson/git/janderson/protocol/handler/WebsocketHandler.php:159
[10-Aug-2013 01:46:03 UTC] PHP   8. janderson\protocol\http\handler\Dispatcher->handle() /home/janderson/git/janderson/protocol/handler/HTTPHandler.php:167
[10-Aug-2013 01:46:03 UTC] PHP   9. janderson\protocol\http\handler\JSONRPCHandler->handle() /home/janderson/git/janderson/protocol/http/handler/Dispatcher.php:64
[10-Aug-2013 01:46:03 UTC] PHP  10. janderson\protocol\http\handler\JSONRPCHandler->callService() /home/janderson/git/janderson/protocol/http/handler/JSONRPCHandler.php:87
[10-Aug-2013 01:46:03 UTC] PHP  11. call_user_func_array() /home/janderson/git/janderson/protocol/http/handler/JSONRPCHandler.php:135
[10-Aug-2013 01:46:03 UTC] PHP  12. janderson\examples\chat\ChatService::getRooms() /home/janderson/git/janderson/protocol/http/handler/JSONRPCHandler.php:135
[10-Aug-2013 01:46:03 UTC] PHP  13. janderson\examples\chat\ChatService::getChat() /home/janderson/git/janderson/examples/chat/ChatService.php:20
[10-Aug-2013 01:46:03 UTC] PHP  14. janderson\{closure}() /home/janderson/git/janderson/examples/chat/ChatService.php:0
[10-Aug-2013 01:46:03 UTC] PHP Warning:  include(): Failed opening '/home/janderson/git/janderson/examples/chat/Redis.php' for inclusion (include_path='.:/usr/share/php:/usr/share/pear') in /home/janderson/git/janderson/server.php on line 15
[10-Aug-2013 01:46:03 UTC] PHP Stack trace:
[10-Aug-2013 01:46:03 UTC] PHP   1. {main}() /home/janderson/git/janderson/server.php:0
[10-Aug-2013 01:46:03 UTC] PHP   2. janderson\socket\server\Server->run() /home/janderson/git/janderson/server.php:288
[10-Aug-2013 01:46:03 UTC] PHP   3. janderson\socket\server\Server->recv() /home/janderson/git/janderson/socket/server/Server.php:137
[10-Aug-2013 01:46:03 UTC] PHP   4. janderson\protocol\handler\WebsocketHandler->read() /home/janderson/git/janderson/socket/server/Server.php:256
[10-Aug-2013 01:46:03 UTC] PHP   5. janderson\protocol\handler\HTTPHandler->read() /home/janderson/git/janderson/protocol/handler/WebsocketHandler.php:95
[10-Aug-2013 01:46:03 UTC] PHP   6. janderson\protocol\handler\WebsocketHandler->dispatch() /home/janderson/git/janderson/protocol/handler/HTTPHandler.php:149
[10-Aug-2013 01:46:03 UTC] PHP   7. janderson\protocol\handler\HTTPHandler->dispatch() /home/janderson/git/janderson/protocol/handler/WebsocketHandler.php:159
[10-Aug-2013 01:46:03 UTC] PHP   8. janderson\protocol\http\handler\Dispatcher->handle() /home/janderson/git/janderson/protocol/handler/HTTPHandler.php:167
[10-Aug-2013 01:46:03 UTC] PHP   9. janderson\protocol\http\handler\JSONRPCHandler->handle() /home/janderson/git/janderson/protocol/http/handler/Dispatcher.php:64
[10-Aug-2013 01:46:03 UTC] PHP  10. janderson\protocol\http\handler\JSONRPCHandler->callService() /home/janderson/git/janderson/protocol/http/handler/JSONRPCHandler.php:87
[10-Aug-2013 01:46:03 UTC] PHP  11. call_user_func_array() /home/janderson/git/janderson/protocol/http/handler/JSONRPCHandler.php:135
[10-Aug-2013 01:46:03 UTC] PHP  12. janderson\examples\chat\ChatService::getRooms() /home/janderson/git/janderson/protocol/http/handler/JSONRPCHandler.php:135
[10-Aug-2013 01:46:03 UTC] PHP  13. janderson\examples\chat\ChatService::getChat() /home/janderson/git/janderson/examples/chat/ChatService.php:20
[10-Aug-2013 01:46:03 UTC] PHP  14. janderson\{closure}() /home/janderson/git/janderson/examples/chat/ChatService.php:0
[10-Aug-2013 01:46:20 UTC] DEBUG: Logger created. Level set to debug
[10-Aug-2013 01:46:20 UTC] INFO: Handling requests for /jsonrpc/ with JSON-RPC handler
[10-Aug-2013 01:46:20 UTC] INFO: Handling requests for / with static files from public
[10-Aug-2013 01:46:20 UTC] INFO: Handling Websocket requests for /echo with janderson\protocol\handler\EchoHandler
[10-Aug-2013 01:46:24 UTC] PHP Fatal error:  Access to undeclared static property: janderson\examples\chat\ChatService::$chat in /home/janderson/git/janderson/examples/chat/ChatService.php on line 12
[10-Aug-2013 01:46:24 UTC] PHP Stack trace:
[10-Aug-2013 01:46:24 UTC] PHP   1. {main}() /home/janderson/git/janderson/server.php:0
[10-Aug-2013 01:46:24 UTC] PHP   2. janderson\socket\server\Server->run() /home/janderson/git/janderson/server.php:288
[10-Aug-2013 01:46:24 UTC] PHP   3. janderson\socket\server\Server->recv() /home/janderson/git/janderson/socket/server/Server.php:137
[10-Aug-2013 01:46:24 UTC] PHP   4. janderson\protocol\handler\WebsocketHandler->read() /home/janderson/git/janderson/socket/server/Server.php:256
[10-Aug-2013 01:46:24 UTC] PHP   5. janderson\protocol\handler\HTTPHandler->read() /home/janderson/git/janderson/protocol/handler/WebsocketHandler.php:95
[10-Aug-2013 01:46:24 UTC] PHP   6. janderson\protocol\handler\WebsocketHandler->dispatch() /home/janderson/git/janderson/protocol/handler/HTTPHandler.php:149
[10-Aug-2013 01:46:24 UTC] PHP   7. janderson\protocol\handler\HTTPHandler->dispatch() /home/janderson/git/janderson/protocol/handler/WebsocketHandler.php:159
[10-Aug-2013 01:46:24 UTC] PHP   8. janderson\protocol\http\handler\Dispatcher->handle() /home/janderson/git/janderson/protocol/handler/HTTPHandler.php:167
[10-Aug-2013 01:46:24 UTC] PHP   9. janderson\protocol\http\handler\JSONRPCHandler->handle() /home/janderson/git/janderson/protocol/http/handler/Dispatcher.php:64
[10-Aug-2013 01:46:24 UTC] PHP  10. janderson\protocol\http\handler\JSONRPCHandler->callService() /home/janderson/git/janderson/protocol/http/handler/JSONRPCHandler.php:87
[10-Aug-2013 01:46:24 UTC] PHP  11. call_user_func_array() /home/janderson/git/janderson/protocol/http/handler/JSONRPCHandler.php:135
[10-Aug-2013 01:46:24 UTC] PHP  12. janderson\examples\chat\ChatService::getRooms() /home/janderson/git/janderson/protocol/http/handler/JSONRPCHandler.php:135
[10-Aug-2013 01:46:24 UTC] PHP  13. janderson\examples\chat\ChatService::getChat() /home/janderson/git/janderson/examples/chat/ChatService.php:20
[10-Aug-2013 01:46:31 UTC] DEBUG: Logger created. Level set to debug
[10-Aug-2013 01:46:31 UTC] INFO: Handling requests for /jsonrpc/ with JSON-RPC handler
[10-Aug-2013 01:46:31 UTC] INFO: Handling requests for / with static files from public
[10-Aug-2013 01:46:31 UTC] INFO: Handling Websocket requests for /echo with janderson\protocol\handler\EchoHandler
[10-Aug-2013 01:51:15 UTC] DEBUG: Logger created. Level set to debug
[10-Aug-2013 01:51:15 UTC] INFO: Handling requests for /jsonrpc/ with JSON-RPC handler
[10-Aug-2013 01:51:15 UTC] INFO: Handling requests for / with static files from public
[10-Aug-2013 01:51:15 UTC] INFO: Handling Websocket requests for /echo with janderson\protocol\handler\EchoHandler
[10-Aug-2013 01:53:05 UTC] DEBUG: Logger created. Level set to debug
[10-Aug-2013 01:53:05 UTC] INFO: Handling requests for /jsonrpc/ with JSON-RPC handler
[10-Aug-2013 01:53:05 UTC] INFO: Handling requests for / with static files from public
[10-Aug-2013 01:53:05 UTC] INFO: Handling Websocket requests for /echo with janderson\protocol\handler\EchoHandler
[10-Aug-2013 01:53:56 UTC] DEBUG: Logger created. Level set to debug
[10-Aug-2013 01:53:56 UTC] INFO: Handling requests for /jsonrpc/ with JSON-RPC handler
[10-Aug-2013 01:53:56 UTC] INFO: Handling requests for / with static files from public
[10-Aug-2013 01:53:56 UTC] INFO: Handling Websocket requests for /echo with janderson\protocol\handler\EchoHandler
[10-Aug-2013 01:55:32 UTC] DEBUG: Logger created. Level set to debug
[10-Aug-2013 01:55:32 UTC] INFO: Handling requests for /jsonrpc/ with JSON-RPC handler
[10-Aug-2013 01:55:32 UTC] INFO: Handling requests for / with static files from public
[10-Aug-2013 01:55:32 UTC] INFO: Handling Websocket requests for /echo with janderson\protocol\handler\EchoHandler
[10-Aug-2013 02:03:35 UTC] DEBUG: Logger created. Level set to debug
[10-Aug-2013 02:03:35 UTC] INFO: Handling requests for /jsonrpc/ with JSON-RPC handler
[10-Aug-2013 02:03:35 UTC] INFO: Handling requests for / with static files from public
[10-Aug-2013 02:03:35 UTC] INFO: Handling Websocket requests for /echo with janderson\protocol\handler\EchoHandler
[10-Aug-2013 02:04:08 UTC] PHP Strict standards:  call_user_func() expects parameter 1 to be a valid callback, non-static method janderson\examples\chat\ChatService::message() should not be called statically in /home/janderson/git/janderson/protocol/http/handler/JSONRPCHandler.php on line 137
[10-Aug-2013 02:04:08 UTC] PHP Stack trace:
[10-Aug-2013 02:04:08 UTC] PHP   1. {main}() /home/janderson/git/janderson/server.php:0
[10-Aug-2013 02:04:08 UTC] PHP   2. janderson\socket\server\Server->run() /home/janderson/git/janderson/server.php:288
[10-Aug-2013 02:04:08 UTC] PHP   3. janderson\socket\server\Server->recv() /home/janderson/git/janderson/socket/server/Server.php:137
[10-Aug-2013 02:04:08 UTC] PHP   4. janderson\protocol\handler\WebsocketHandler->read() /home/janderson/git/janderson/socket/server/Server.php:256
[10-Aug-2013 02:04:08 UTC] PHP   5. janderson\protocol\handler\HTTPHandler->read() /home/janderson/git/janderson/protocol/handler/WebsocketHandler.php:95
[10-Aug-2013 02:04:08 UTC] PHP   6. janderson\protocol\handler\WebsocketHandler->dispatch() /home/janderson/git/janderson/protocol/handler/HTTPHandler.php:149
[10-Aug-2013 02:04:08 UTC] PHP   7. janderson\protocol\handler\HTTPHandler->dispatch() /home/janderson/git/janderson/protocol/handler/WebsocketHandler.php:159
[10-Aug-2013 02:04:08 UTC] PHP   8. janderson\protocol\http\handler\Dispatcher->handle() /home/janderson/git/janderson/protocol/handler/HTTPHandler.php:167
[10-Aug-2013 02:04:08 UTC] PHP   9. janderson\protocol\http\handler\JSONRPCHandler->handle() /home/janderson/git/janderson/protocol/http/handler/Dispatcher.php:64
[10-Aug-2013 02:04:08 UTC] PHP  10. janderson\protocol\http\handler\JSONRPCHandler->callService() /home/janderson/git/janderson/protocol/http/handler/JSONRPCHandler.php:87
[10-Aug-2013 02:04:08 UTC] PHP  11. call_user_func() /home/janderson/git/janderson/protocol/http/handler/JSONRPCHandler.php:137
[10-Aug-2013 02:04:08 UTC] PHP Fatal error:  Call to undefined method Redis::isMember() in /home/janderson/git/janderson/examples/chat/RedisChat.php on line 203
[10-Aug-2013 02:04:08 UTC] PHP Stack trace:
[10-Aug-2013 02:04:08 UTC] PHP   1. {main}() /home/janderson/git/janderson/server.php:0
[10-Aug-2013 02:04:08 UTC] PHP   2. janderson\socket\server\Server->run() /home/janderson/git/janderson/server.php:288
[10-Aug-2013 02:04:08 UTC] PHP   3. janderson\socket\server\Server->recv() /home/janderson/git/janderson/socket/server/Server.php:137
[10-Aug-2013 02:04:08 UTC] PHP   4. janderson\protocol\handler\WebsocketHandler->read() /home/janderson/git/janderson/socket/server/Server.php:256
[10-Aug-2013 02:04:08 UTC] PHP   5. janderson\protocol\handler\HTTPHandler->read() /home/janderson/git/janderson/protocol/handler/WebsocketHandler.php:95
[10-Aug-2013 02:04:08 UTC] PHP   6. janderson\protocol\handler\WebsocketHandler->dispatch() /home/janderson/git/janderson/protocol/handler/HTTPHandler.php:149
[10-Aug-2013 02:04:08 UTC] PHP   7. janderson\protocol\handler\HTTPHandler->dispatch() /home/janderson/git/janderson/protocol/handler/WebsocketHandler.php:159
[10-Aug-2013 02:04:08 UTC] PHP   8. janderson\protocol\http\handler\Dispatcher->handle() /home/janderson/git/janderson/protocol/handler/HTTPHandler.php:167
[10-Aug-2013 02:04:08 UTC] PHP   9. janderson\protocol\http\handler\JSONRPCHandler->handle() /home/janderson/git/janderson/protocol/http/handler/Dispatcher.php:64
[10-Aug-2013 02:04:08 UTC] PHP  10. janderson\protocol\http\handler\JSONRPCHandler->callService() /home/janderson/git/janderson/protocol/http/handler/JSONRPCHandler.php:87
[10-Aug-2013 02:04:08 UTC] PHP  11. call_user_func() /home/janderson/git/janderson/protocol/http/handler/JSONRPCHandler.php:137
[10-Aug-2013 02:04:08 UTC] PHP  12. janderson\examples\chat\ChatService::message() /home/janderson/git/janderson/protocol/http/handler/JSONRPCHandler.php:137
[10-Aug-2013 02:04:08 UTC] PHP  13. janderson\examples\chat\RedisChat->message() /home/janderson/git/janderson/examples/chat/ChatService.php:57
[10-Aug-2013 02:04:31 UTC] DEBUG: Logger created. Level set to debug
[10-Aug-2013 02:04:31 UTC] INFO: Handling requests for /jsonrpc/ with JSON-RPC handler
[10-Aug-2013 02:04:31 UTC] INFO: Handling requests for / with static files from public
[10-Aug-2013 02:04:31 UTC] INFO: Handling Websocket requests for /echo with janderson\protocol\handler\EchoHandler
[10-Aug-2013 02:04:36 UTC] PHP Strict standards:  call_user_func() expects parameter 1 to be a valid callback, non-static method janderson\examples\chat\ChatService::message() should not be called statically in /home/janderson/git/janderson/protocol/http/handler/JSONRPCHandler.php on line 137
[10-Aug-2013 02:04:36 UTC] PHP Stack trace:
[10-Aug-2013 02:04:36 UTC] PHP   1. {main}() /home/janderson/git/janderson/server.php:0
[10-Aug-2013 02:04:36 UTC] PHP   2. janderson\socket\server\Server->run() /home/janderson/git/janderson/server.php:288
[10-Aug-2013 02:04:36 UTC] PHP   3. janderson\socket\server\Server->recv() /home/janderson/git/janderson/socket/server/Server.php:137
[10-Aug-2013 02:04:36 UTC] PHP   4. janderson\protocol\handler\WebsocketHandler->read() /home/janderson/git/janderson/socket/server/Server.php:256
[10-Aug-2013 02:04:36 UTC] PHP   5. janderson\protocol\handler\HTTPHandler->read() /home/janderson/git/janderson/protocol/handler/WebsocketHandler.php:95
[10-Aug-2013 02:04:36 UTC] PHP   6. janderson\protocol\handler\WebsocketHandler->dispatch() /home/janderson/git/janderson/protocol/handler/HTTPHandler.php:149
[10-Aug-2013 02:04:36 UTC] PHP   7. janderson\protocol\handler\HTTPHandler->dispatch() /home/janderson/git/janderson/protocol/handler/WebsocketHandler.php:159
[10-Aug-2013 02:04:36 UTC] PHP   8. janderson\protocol\http\handler\Dispatcher->handle() /home/janderson/git/janderson/protocol/handler/HTTPHandler.php:167
[10-Aug-2013 02:04:36 UTC] PHP   9. janderson\protocol\http\handler\JSONRPCHandler->handle() /home/janderson/git/janderson/protocol/http/handler/Dispatcher.php:64
[10-Aug-2013 02:04:36 UTC] PHP  10. janderson\protocol\http\handler\JSONRPCHandler->callService() /home/janderson/git/janderson/protocol/http/handler/JSONRPCHandler.php:87
[10-Aug-2013 02:04:36 UTC] PHP  11. call_user_func() /home/janderson/git/janderson/protocol/http/handler/JSONRPCHandler.php:137
[10-Aug-2013 02:04:46 UTC] PHP Strict standards:  call_user_func() expects parameter 1 to be a valid callback, non-static method janderson\examples\chat\ChatService::messages() should not be called statically in /home/janderson/git/janderson/protocol/http/handler/JSONRPCHandler.php on line 137
[10-Aug-2013 02:04:46 UTC] PHP Stack trace:
[10-Aug-2013 02:04:46 UTC] PHP   1. {main}() /home/janderson/git/janderson/server.php:0
[10-Aug-2013 02:04:46 UTC] PHP   2. janderson\socket\server\Server->run() /home/janderson/git/janderson/server.php:288
[10-Aug-2013 02:04:46 UTC] PHP   3. janderson\socket\server\Server->recv() /home/janderson/git/janderson/socket/server/Server.php:137
[10-Aug-2013 02:04:46 UTC] PHP   4. janderson\protocol\handler\WebsocketHandler->read() /home/janderson/git/janderson/socket/server/Server.php:256
[10-Aug-2013 02:04:46 UTC] PHP   5. janderson\protocol\handler\HTTPHandler->read() /home/janderson/git/janderson/protocol/handler/WebsocketHandler.php:95
[10-Aug-2013 02:04:46 UTC] PHP   6. janderson\protocol\handler\WebsocketHandler->dispatch() /home/janderson/git/janderson/protocol/handler/HTTPHandler.php:149
[10-Aug-2013 02:04:46 UTC] PHP   7. janderson\protocol\handler\HTTPHandler->dispatch() /home/janderson/git/janderson/protocol/handler/WebsocketHandler.php:159
[10-Aug-2013 02:04:46 UTC] PHP   8. janderson\protocol\http\handler\Dispatcher->handle() /home/janderson/git/janderson/protocol/handler/HTTPHandler.php:167
[10-Aug-2013 02:04:46 UTC] PHP   9. janderson\protocol\http\handler\JSONRPCHandler->handle() /home/janderson/git/janderson/protocol/http/handler/Dispatcher.php:64
[10-Aug-2013 02:04:46 UTC] PHP  10. janderson\protocol\http\handler\JSONRPCHandler->callService() /home/janderson/git/janderson/protocol/http/handler/JSONRPCHandler.php:87
[10-Aug-2013 02:04:46 UTC] PHP  11. call_user_func() /home/janderson/git/janderson/protocol/http/handler/JSONRPCHandler.php:137
[10-Aug-2013 02:06:47 UTC] DEBUG: Logger created. Level set to debug
[10-Aug-2013 02:06:47 UTC] INFO: Handling requests for /jsonrpc/ with JSON-RPC handler
[10-Aug-2013 02:06:47 UTC] INFO: Handling requests for / with static files from public
[10-Aug-2013 02:06:47 UTC] INFO: Handling Websocket requests for /echo with janderson\protocol\handler\EchoHandler
[10-Aug-2013 02:06:57 UTC] PHP Strict standards:  call_user_func() expects parameter 1 to be a valid callback, non-static method janderson\examples\chat\ChatService::message() should not be called statically in /home/janderson/git/janderson/protocol/http/handler/JSONRPCHandler.php on line 137
[10-Aug-2013 02:06:57 UTC] PHP Stack trace:
[10-Aug-2013 02:06:57 UTC] PHP   1. {main}() /home/janderson/git/janderson/server.php:0
[10-Aug-2013 02:06:57 UTC] PHP   2. janderson\socket\server\Server->run() /home/janderson/git/janderson/server.php:288
[10-Aug-2013 02:06:57 UTC] PHP   3. janderson\socket\server\Server->recv() /home/janderson/git/janderson/socket/server/Server.php:137
[10-Aug-2013 02:06:57 UTC] PHP   4. janderson\protocol\handler\WebsocketHandler->read() /home/janderson/git/janderson/socket/server/Server.php:256
[10-Aug-2013 02:06:57 UTC] PHP   5. janderson\protocol\handler\HTTPHandler->read() /home/janderson/git/janderson/protocol/handler/WebsocketHandler.php:95
[10-Aug-2013 02:06:57 UTC] PHP   6. janderson\protocol\handler\WebsocketHandler->dispatch() /home/janderson/git/janderson/protocol/handler/HTTPHandler.php:149
[10-Aug-2013 02:06:57 UTC] PHP   7. janderson\protocol\handler\HTTPHandler->dispatch() /home/janderson/git/janderson/protocol/handler/WebsocketHandler.php:159
[10-Aug-2013 02:06:57 UTC] PHP   8. janderson\protocol\http\handler\Dispatcher->handle() /home/janderson/git/janderson/protocol/handler/HTTPHandler.php:167
[10-Aug-2013 02:06:57 UTC] PHP   9. janderson\protocol\http\handler\JSONRPCHandler->handle() /home/janderson/git/janderson/protocol/http/handler/Dispatcher.php:64
[10-Aug-2013 02:06:57 UTC] PHP  10. janderson\protocol\http\handler\JSONRPCHandler->callService() /home/janderson/git/janderson/protocol/http/handler/JSONRPCHandler.php:87
[10-Aug-2013 02:06:57 UTC] PHP  11. call_user_func() /home/janderson/git/janderson/protocol/http/handler/JSONRPCHandler.php:137
[10-Aug-2013 02:06:57 UTC] PHP Fatal error:  Undefined class constant 'SERIALIZER_IGBINARY' in /home/janderson/git/janderson/examples/chat/ChatService.php on line 12
[10-Aug-2013 02:06:57 UTC] PHP Stack trace:
[10-Aug-2013 02:06:57 UTC] PHP   1. {main}() /home/janderson/git/janderson/server.php:0
[10-Aug-2013 02:06:57 UTC] PHP   2. janderson\socket\server\Server->run() /home/janderson/git/janderson/server.php:288
[10-Aug-2013 02:06:57 UTC] PHP   3. janderson\socket\server\Server->recv() /home/janderson/git/janderson/socket/server/Server.php:137
[10-Aug-2013 02:06:57 UTC] PHP   4. janderson\protocol\handler\WebsocketHandler->read() /home/janderson/git/janderson/socket/server/Server.php:256
[10-Aug-2013 02:06:57 UTC] PHP   5. janderson\protocol\handler\HTTPHandler->read() /home/janderson/git/janderson/protocol/handler/WebsocketHandler.php:95
[10-Aug-2013 02:06:57 UTC] PHP   6. janderson\protocol\handler\WebsocketHandler->dispatch() /home/janderson/git/janderson/protocol/handler/HTTPHandler.php:149
[10-Aug-2013 02:06:57 UTC] PHP   7. janderson\protocol\handler\HTTPHandler->dispatch() /home/janderson/git/janderson/protocol/handler/WebsocketHandler.php:159
[10-Aug-2013 02:06:57 UTC] PHP   8. janderson\protocol\http\handler\Dispatcher->handle() /home/janderson/git/janderson/protocol/handler/HTTPHandler.php:167
[10-Aug-2013 02:06:57 UTC] PHP   9. janderson\protocol\http\handler\JSONRPCHandler->handle() /home/janderson/git/janderson/protocol/http/handler/Dispatcher.php:64
[10-Aug-2013 02:06:57 UTC] PHP  10. janderson\protocol\http\handler\JSONRPCHandler->callService() /home/janderson/git/janderson/protocol/http/handler/JSONRPCHandler.php:87
[10-Aug-2013 02:06:57 UTC] PHP  11. call_user_func() /home/janderson/git/janderson/protocol/http/handler/JSONRPCHandler.php:137
[10-Aug-2013 02:06:57 UTC] PHP  12. janderson\examples\chat\ChatService::message() /home/janderson/git/janderson/protocol/http/handler/JSONRPCHandler.php:137
[10-Aug-2013 02:06:57 UTC] PHP  13. janderson\examples\chat\ChatService::getChat() /home/janderson/git/janderson/examples/chat/ChatService.php:58
[10-Aug-2013 02:07:18 UTC] DEBUG: Logger created. Level set to debug
[10-Aug-2013 02:07:18 UTC] INFO: Handling requests for /jsonrpc/ with JSON-RPC handler
[10-Aug-2013 02:07:18 UTC] INFO: Handling requests for / with static files from public
[10-Aug-2013 02:07:18 UTC] INFO: Handling Websocket requests for /echo with janderson\protocol\handler\EchoHandler
[10-Aug-2013 02:07:24 UTC] PHP Strict standards:  call_user_func() expects parameter 1 to be a valid callback, non-static method janderson\examples\chat\ChatService::message() should not be called statically in /home/janderson/git/janderson/protocol/http/handler/JSONRPCHandler.php on line 137
[10-Aug-2013 02:07:24 UTC] PHP Stack trace:
[10-Aug-2013 02:07:24 UTC] PHP   1. {main}() /home/janderson/git/janderson/server.php:0
[10-Aug-2013 02:07:24 UTC] PHP   2. janderson\socket\server\Server->run() /home/janderson/git/janderson/server.php:288
[10-Aug-2013 02:07:24 UTC] PHP   3. janderson\socket\server\Server->recv() /home/janderson/git/janderson/socket/server/Server.php:137
[10-Aug-2013 02:07:24 UTC] PHP   4. janderson\protocol\handler\WebsocketHandler->read() /home/janderson/git/janderson/socket/server/Server.php:256
[10-Aug-2013 02:07:24 UTC] PHP   5. janderson\protocol\handler\HTTPHandler->read() /home/janderson/git/janderson/protocol/handler/WebsocketHandler.php:95
[10-Aug-2013 02:07:24 UTC] PHP   6. janderson\protocol\handler\WebsocketHandler->dispatch() /home/janderson/git/janderson/protocol/handler/HTTPHandler.php:149
[10-Aug-2013 02:07:24 UTC] PHP   7. janderson\protocol\handler\HTTPHandler->dispatch() /home/janderson/git/janderson/protocol/handler/WebsocketHandler.php:159
[10-Aug-2013 02:07:24 UTC] PHP   8. janderson\protocol\http\handler\Dispatcher->handle() /home/janderson/git/janderson/protocol/handler/HTTPHandler.php:167
[10-Aug-2013 02:07:24 UTC] PHP   9. janderson\protocol\http\handler\JSONRPCHandler->handle() /home/janderson/git/janderson/protocol/http/handler/Dispatcher.php:64
[10-Aug-2013 02:07:24 UTC] PHP  10. janderson\protocol\http\handler\JSONRPCHandler->callService() /home/janderson/git/janderson/protocol/http/handler/JSONRPCHandler.php:87
[10-Aug-2013 02:07:24 UTC] PHP  11. call_user_func() /home/janderson/git/janderson/protocol/http/handler/JSONRPCHandler.php:137
[10-Aug-2013 02:07:48 UTC] PHP Strict standards:  call_user_func() expects parameter 1 to be a valid callback, non-static method janderson\examples\chat\ChatService::messages() should not be called statically in /home/janderson/git/janderson/protocol/http/handler/JSONRPCHandler.php on line 137
[10-Aug-2013 02:07:48 UTC] PHP Stack trace:
[10-Aug-2013 02:07:48 UTC] PHP   1. {main}() /home/janderson/git/janderson/server.php:0
[10-Aug-2013 02:07:48 UTC] PHP   2. janderson\socket\server\Server->run() /home/janderson/git/janderson/server.php:288
[10-Aug-2013 02:07:48 UTC] PHP   3. janderson\socket\server\Server->recv() /home/janderson/git/janderson/socket/server/Server.php:137
[10-Aug-2013 02:07:48 UTC] PHP   4. janderson\protocol\handler\WebsocketHandler->read() /home/janderson/git/janderson/socket/server/Server.php:256
[10-Aug-2013 02:07:48 UTC] PHP   5. janderson\protocol\handler\HTTPHandler->read() /home/janderson/git/janderson/protocol/handler/WebsocketHandler.php:95
[10-Aug-2013 02:07:48 UTC] PHP   6. janderson\protocol\handler\WebsocketHandler->dispatch() /home/janderson/git/janderson/protocol/handler/HTTPHandler.php:149
[10-Aug-2013 02:07:48 UTC] PHP   7. janderson\protocol\handler\HTTPHandler->dispatch() /home/janderson/git/janderson/protocol/handler/WebsocketHandler.php:159
[10-Aug-2013 02:07:48 UTC] PHP   8. janderson\protocol\http\handler\Dispatcher->handle() /home/janderson/git/janderson/protocol/handler/HTTPHandler.php:167
[10-Aug-2013 02:07:48 UTC] PHP   9. janderson\protocol\http\handler\JSONRPCHandler->handle() /home/janderson/git/janderson/protocol/http/handler/Dispatcher.php:64
[10-Aug-2013 02:07:48 UTC] PHP  10. janderson\protocol\http\handler\JSONRPCHandler->callService() /home/janderson/git/janderson/protocol/http/handler/JSONRPCHandler.php:87
[10-Aug-2013 02:07:48 UTC] PHP  11. call_user_func() /home/janderson/git/janderson/protocol/http/handler/JSONRPCHandler.php:137
[10-Aug-2013 02:09:46 UTC] DEBUG: Logger created. Level set to debug
[10-Aug-2013 02:09:46 UTC] INFO: Handling requests for /jsonrpc/ with JSON-RPC handler
[10-Aug-2013 02:09:46 UTC] INFO: Handling requests for / with static files from public
[10-Aug-2013 02:09:46 UTC] INFO: Handling Websocket requests for /echo with janderson\protocol\handler\EchoHandler
[10-Aug-2013 02:10:17 UTC] PHP Warning:  array_map() expects parameter 1 to be a valid callback, array must have exactly two members in /home/janderson/git/janderson/examples/chat/RedisChat.php on line 224
[10-Aug-2013 02:10:17 UTC] PHP Stack trace:
[10-Aug-2013 02:10:17 UTC] PHP   1. {main}() /home/janderson/git/janderson/server.php:0
[10-Aug-2013 02:10:17 UTC] PHP   2. janderson\socket\server\Server->run() /home/janderson/git/janderson/server.php:288
[10-Aug-2013 02:10:17 UTC] PHP   3. janderson\socket\server\Server->recv() /home/janderson/git/janderson/socket/server/Server.php:137
[10-Aug-2013 02:10:17 UTC] PHP   4. janderson\protocol\handler\WebsocketHandler->read() /home/janderson/git/janderson/socket/server/Server.php:256
[10-Aug-2013 02:10:17 UTC] PHP   5. janderson\protocol\handler\HTTPHandler->read() /home/janderson/git/janderson/protocol/handler/WebsocketHandler.php:95
[10-Aug-2013 02:10:17 UTC] PHP   6. janderson\protocol\handler\WebsocketHandler->dispatch() /home/janderson/git/janderson/protocol/handler/HTTPHandler.php:149
[10-Aug-2013 02:10:17 UTC] PHP   7. janderson\protocol\handler\HTTPHandler->dispatch() /home/janderson/git/janderson/protocol/handler/WebsocketHandler.php:159
[10-Aug-2013 02:10:17 UTC] PHP   8. janderson\protocol\http\handler\Dispatcher->handle() /home/janderson/git/janderson/protocol/handler/HTTPHandler.php:167
[10-Aug-2013 02:10:17 UTC] PHP   9. janderson\protocol\http\handler\JSONRPCHandler->handle() /home/janderson/git/janderson/protocol/http/handler/Dispatcher.php:64
[10-Aug-2013 02:10:17 UTC] PHP  10. janderson\protocol\http\handler\JSONRPCHandler->callService() /home/janderson/git/janderson/protocol/http/handler/JSONRPCHandler.php:87
[10-Aug-2013 02:10:17 UTC] PHP  11. call_user_func() /home/janderson/git/janderson/protocol/http/handler/JSONRPCHandler.php:137
[10-Aug-2013 02:10:17 UTC] PHP  12. janderson\examples\chat\ChatService::messages() /home/janderson/git/janderson/protocol/http/handler/JSONRPCHandler.php:137
[10-Aug-2013 02:10:17 UTC] PHP  13. janderson\examples\chat\RedisChat->retrieve() /home/janderson/git/janderson/examples/chat/ChatService.php:67
[10-Aug-2013 02:10:17 UTC] PHP  14. array_map() /home/janderson/git/janderson/examples/chat/RedisChat.php:224
[10-Aug-2013 02:10:47 UTC] DEBUG: Logger created. Level set to debug
[10-Aug-2013 02:10:47 UTC] INFO: Handling requests for /jsonrpc/ with JSON-RPC handler
[10-Aug-2013 02:10:47 UTC] INFO: Handling requests for / with static files from public
[10-Aug-2013 02:10:47 UTC] INFO: Handling Websocket requests for /echo with janderson\protocol\handler\EchoHandler
[10-Aug-2013 02:11:08 UTC] PHP Warning:  array_map() expects parameter 1 to be a valid callback, array must have exactly two members in /home/janderson/git/janderson/examples/chat/RedisChat.php on line 224
[10-Aug-2013 02:11:08 UTC] PHP Stack trace:
[10-Aug-2013 02:11:08 UTC] PHP   1. {main}() /home/janderson/git/janderson/server.php:0
[10-Aug-2013 02:11:08 UTC] PHP   2. janderson\socket\server\Server->run() /home/janderson/git/janderson/server.php:288
[10-Aug-2013 02:11:08 UTC] PHP   3. janderson\socket\server\Server->recv() /home/janderson/git/janderson/socket/server/Server.php:137
[10-Aug-2013 02:11:08 UTC] PHP   4. janderson\protocol\handler\WebsocketHandler->read() /home/janderson/git/janderson/socket/server/Server.php:256
[10-Aug-2013 02:11:08 UTC] PHP   5. janderson\protocol\handler\HTTPHandler->read() /home/janderson/git/janderson/protocol/handler/WebsocketHandler.php:95
[10-Aug-2013 02:11:08 UTC] PHP   6. janderson\protocol\handler\WebsocketHandler->dispatch() /home/janderson/git/janderson/protocol/handler/HTTPHandler.php:149
[10-Aug-2013 02:11:08 UTC] PHP   7. janderson\protocol\handler\HTTPHandler->dispatch() /home/janderson/git/janderson/protocol/handler/WebsocketHandler.php:159
[10-Aug-2013 02:11:08 UTC] PHP   8. janderson\protocol\http\handler\Dispatcher->handle() /home/janderson/git/janderson/protocol/handler/HTTPHandler.php:167
[10-Aug-2013 02:11:08 UTC] PHP   9. janderson\protocol\http\handler\JSONRPCHandler->handle() /home/janderson/git/janderson/protocol/http/handler/Dispatcher.php:64
[10-Aug-2013 02:11:08 UTC] PHP  10. janderson\protocol\http\handler\JSONRPCHandler->callService() /home/janderson/git/janderson/protocol/http/handler/JSONRPCHandler.php:87
[10-Aug-2013 02:11:08 UTC] PHP  11. call_user_func() /home/janderson/git/janderson/protocol/http/handler/JSONRPCHandler.php:137
[10-Aug-2013 02:11:08 UTC] PHP  12. janderson\examples\chat\ChatService::messages() /home/janderson/git/janderson/protocol/http/handler/JSONRPCHandler.php:137
[10-Aug-2013 02:11:08 UTC] PHP  13. janderson\examples\chat\RedisChat->retrieve() /home/janderson/git/janderson/examples/chat/ChatService.php:67
[10-Aug-2013 02:11:08 UTC] PHP  14. array_map() /home/janderson/git/janderson/examples/chat/RedisChat.php:224
[10-Aug-2013 02:11:43 UTC] DEBUG: Logger created. Level set to debug
[10-Aug-2013 02:11:43 UTC] INFO: Handling requests for /jsonrpc/ with JSON-RPC handler
[10-Aug-2013 02:11:43 UTC] INFO: Handling requests for / with static files from public
[10-Aug-2013 02:11:43 UTC] INFO: Handling Websocket requests for /echo with janderson\protocol\handler\EchoHandler
[10-Aug-2013 02:19:34 UTC] DEBUG: Logger created. Level set to debug
[10-Aug-2013 02:19:34 UTC] INFO: Handling requests for /jsonrpc/ with JSON-RPC handler
[10-Aug-2013 02:19:34 UTC] INFO: Handling requests for / with static files from public
[10-Aug-2013 02:19:34 UTC] INFO: Handling Websocket requests for /echo with janderson\protocol\handler\EchoHandler
[10-Aug-2013 02:21:18 UTC] DEBUG: Logger created. Level set to debug
[10-Aug-2013 02:21:18 UTC] INFO: Handling requests for /jsonrpc/ with JSON-RPC handler
[10-Aug-2013 02:21:18 UTC] INFO: Handling requests for / with static files from public
[10-Aug-2013 02:21:18 UTC] INFO: Handling Websocket requests for /echo with janderson\protocol\handler\EchoHandler
[10-Aug-2013 02:21:46 UTC] DEBUG: Logger created. Level set to debug
[10-Aug-2013 02:21:46 UTC] INFO: Handling requests for /jsonrpc/ with JSON-RPC handler
[10-Aug-2013 02:21:46 UTC] INFO: Handling requests for / with static files from public
[10-Aug-2013 02:21:46 UTC] INFO: Handling Websocket requests for /echo with janderson\protocol\handler\EchoHandler
[13-Aug-2013 02:22:51 UTC] DEBUG: Logger created. Level set to debug
[13-Aug-2013 02:22:51 UTC] INFO: Handling requests for /jsonrpc/ with JSON-RPC handler
[13-Aug-2013 02:22:51 UTC] INFO: Handling requests for / with static files from public
[13-Aug-2013 02:22:51 UTC] INFO: Handling Websocket requests for /echo with janderson\protocol\handler\EchoHandler
[13-Aug-2013 02:24:15 UTC] PHP Parse error:  syntax error, unexpected '(', expecting ',' or ';' in /home/janderson/git/janderson/examples/chat/ChatService.php on line 32
[13-Aug-2013 02:24:15 UTC] PHP Stack trace:
[13-Aug-2013 02:24:15 UTC] PHP   1. {main}() /home/janderson/git/janderson/server.php:0
[13-Aug-2013 02:24:15 UTC] PHP   2. janderson\socket\server\Server->run() /home/janderson/git/janderson/server.php:288
[13-Aug-2013 02:24:15 UTC] PHP   3. janderson\socket\server\Server->recv() /home/janderson/git/janderson/socket/server/Server.php:137
[13-Aug-2013 02:24:15 UTC] PHP   4. janderson\protocol\handler\WebsocketHandler->read() /home/janderson/git/janderson/socket/server/Server.php:256
[13-Aug-2013 02:24:15 UTC] PHP   5. janderson\protocol\handler\HTTPHandler->read() /home/janderson/git/janderson/protocol/handler/WebsocketHandler.php:95
[13-Aug-2013 02:24:15 UTC] PHP   6. janderson\protocol\handler\WebsocketHandler->dispatch() /home/janderson/git/janderson/protocol/handler/HTTPHandler.php:149
[13-Aug-2013 02:24:15 UTC] PHP   7. janderson\protocol\handler\HTTPHandler->dispatch() /home/janderson/git/janderson/protocol/handler/WebsocketHandler.php:159
[13-Aug-2013 02:24:15 UTC] PHP   8. janderson\protocol\http\handler\Dispatcher->handle() /home/janderson/git/janderson/protocol/handler/HTTPHandler.php:167
[13-Aug-2013 02:24:15 UTC] PHP   9. janderson\protocol\http\handler\JSONRPCHandler->handle() /home/janderson/git/janderson/protocol/http/handler/Dispatcher.php:64
[13-Aug-2013 02:24:15 UTC] PHP  10. janderson\protocol\http\handler\JSONRPCHandler->callService() /home/janderson/git/janderson/protocol/http/handler/JSONRPCHandler.php:87
[13-Aug-2013 02:24:15 UTC] PHP  11. is_callable() /home/janderson/git/janderson/protocol/http/handler/JSONRPCHandler.php:128
[13-Aug-2013 02:24:15 UTC] PHP  12. janderson\{closure}() /home/janderson/git/janderson/protocol/http/handler/JSONRPCHandler.php:0
[13-Aug-2013 02:25:52 UTC] DEBUG: Logger created. Level set to debug
[13-Aug-2013 02:25:52 UTC] INFO: Handling requests for /jsonrpc/ with JSON-RPC handler
[13-Aug-2013 02:25:52 UTC] INFO: Handling requests for / with static files from public
[13-Aug-2013 02:25:52 UTC] INFO: Handling Websocket requests for /echo with janderson\protocol\handler\EchoHandler
[13-Aug-2013 02:25:58 UTC] PHP Parse error:  syntax error, unexpected 'NAMESPACE' (T_NAMESPACE), expecting identifier (T_STRING) or variable (T_VARIABLE) or '{' or '$' in /home/janderson/git/janderson/examples/chat/ChatService.php on line 53
[13-Aug-2013 02:25:58 UTC] PHP Stack trace:
[13-Aug-2013 02:25:58 UTC] PHP   1. {main}() /home/janderson/git/janderson/server.php:0
[13-Aug-2013 02:25:58 UTC] PHP   2. janderson\socket\server\Server->run() /home/janderson/git/janderson/server.php:288
[13-Aug-2013 02:25:58 UTC] PHP   3. janderson\socket\server\Server->recv() /home/janderson/git/janderson/socket/server/Server.php:137
[13-Aug-2013 02:25:58 UTC] PHP   4. janderson\protocol\handler\WebsocketHandler->read() /home/janderson/git/janderson/socket/server/Server.php:256
[13-Aug-2013 02:25:58 UTC] PHP   5. janderson\protocol\handler\HTTPHandler->read() /home/janderson/git/janderson/protocol/handler/WebsocketHandler.php:95
[13-Aug-2013 02:25:58 UTC] PHP   6. janderson\protocol\handler\WebsocketHandler->dispatch() /home/janderson/git/janderson/protocol/handler/HTTPHandler.php:149
[13-Aug-2013 02:25:58 UTC] PHP   7. janderson\protocol\handler\HTTPHandler->dispatch() /home/janderson/git/janderson/protocol/handler/WebsocketHandler.php:159
[13-Aug-2013 02:25:58 UTC] PHP   8. janderson\protocol\http\handler\Dispatcher->handle() /home/janderson/git/janderson/protocol/handler/HTTPHandler.php:167
[13-Aug-2013 02:25:58 UTC] PHP   9. janderson\protocol\http\handler\JSONRPCHandler->handle() /home/janderson/git/janderson/protocol/http/handler/Dispatcher.php:64
[13-Aug-2013 02:25:58 UTC] PHP  10. janderson\protocol\http\handler\JSONRPCHandler->callService() /home/janderson/git/janderson/protocol/http/handler/JSONRPCHandler.php:87
[13-Aug-2013 02:25:58 UTC] PHP  11. is_callable() /home/janderson/git/janderson/protocol/http/handler/JSONRPCHandler.php:128
[13-Aug-2013 02:25:58 UTC] PHP  12. janderson\{closure}() /home/janderson/git/janderson/protocol/http/handler/JSONRPCHandler.php:0
[13-Aug-2013 02:26:18 UTC] DEBUG: Logger created. Level set to debug
[13-Aug-2013 02:26:18 UTC] INFO: Handling requests for /jsonrpc/ with JSON-RPC handler
[13-Aug-2013 02:26:18 UTC] INFO: Handling requests for / with static files from public
[13-Aug-2013 02:26:18 UTC] INFO: Handling Websocket requests for /echo with janderson\protocol\handler\EchoHandler
[13-Aug-2013 02:26:23 UTC] PHP Parse error:  syntax error, unexpected 'NAMESPACE' (T_NAMESPACE), expecting identifier (T_STRING) in /home/janderson/git/janderson/examples/chat/ChatService.php on line 13
[13-Aug-2013 02:26:23 UTC] PHP Stack trace:
[13-Aug-2013 02:26:23 UTC] PHP   1. {main}() /home/janderson/git/janderson/server.php:0
[13-Aug-2013 02:26:23 UTC] PHP   2. janderson\socket\server\Server->run() /home/janderson/git/janderson/server.php:288
[13-Aug-2013 02:26:23 UTC] PHP   3. janderson\socket\server\Server->recv() /home/janderson/git/janderson/socket/server/Server.php:137
[13-Aug-2013 02:26:23 UTC] PHP   4. janderson\protocol\handler\WebsocketHandler->read() /home/janderson/git/janderson/socket/server/Server.php:256
[13-Aug-2013 02:26:23 UTC] PHP   5. janderson\protocol\handler\HTTPHandler->read() /home/janderson/git/janderson/protocol/handler/WebsocketHandler.php:95
[13-Aug-2013 02:26:23 UTC] PHP   6. janderson\protocol\handler\WebsocketHandler->dispatch() /home/janderson/git/janderson/protocol/handler/HTTPHandler.php:149
[13-Aug-2013 02:26:23 UTC] PHP   7. janderson\protocol\handler\HTTPHandler->dispatch() /home/janderson/git/janderson/protocol/handler/WebsocketHandler.php:159
[13-Aug-2013 02:26:23 UTC] PHP   8. janderson\protocol\http\handler\Dispatcher->handle() /home/janderson/git/janderson/protocol/handler/HTTPHandler.php:167
[13-Aug-2013 02:26:23 UTC] PHP   9. janderson\protocol\http\handler\JSONRPCHandler->handle() /home/janderson/git/janderson/protocol/http/handler/Dispatcher.php:64
[13-Aug-2013 02:26:23 UTC] PHP  10. janderson\protocol\http\handler\JSONRPCHandler->callService() /home/janderson/git/janderson/protocol/http/handler/JSONRPCHandler.php:87
[13-Aug-2013 02:26:23 UTC] PHP  11. is_callable() /home/janderson/git/janderson/protocol/http/handler/JSONRPCHandler.php:128
[13-Aug-2013 02:26:23 UTC] PHP  12. janderson\{closure}() /home/janderson/git/janderson/protocol/http/handler/JSONRPCHandler.php:0
[13-Aug-2013 02:26:41 UTC] DEBUG: Logger created. Level set to debug
[13-Aug-2013 02:26:41 UTC] INFO: Handling requests for /jsonrpc/ with JSON-RPC handler
[13-Aug-2013 02:26:41 UTC] INFO: Handling requests for / with static files from public
[13-Aug-2013 02:26:41 UTC] INFO: Handling Websocket requests for /echo with janderson\protocol\handler\EchoHandler
[13-Aug-2013 02:26:45 UTC] PHP Warning:  include(/home/janderson/git/janderson/examples/chat/stdClass.php): failed to open stream: No such file or directory in /home/janderson/git/janderson/server.php on line 15
[13-Aug-2013 02:26:45 UTC] PHP Stack trace:
[13-Aug-2013 02:26:45 UTC] PHP   1. {main}() /home/janderson/git/janderson/server.php:0
[13-Aug-2013 02:26:45 UTC] PHP   2. janderson\socket\server\Server->run() /home/janderson/git/janderson/server.php:288
[13-Aug-2013 02:26:45 UTC] PHP   3. janderson\socket\server\Server->recv() /home/janderson/git/janderson/socket/server/Server.php:137
[13-Aug-2013 02:26:45 UTC] PHP   4. janderson\protocol\handler\WebsocketHandler->read() /home/janderson/git/janderson/socket/server/Server.php:256
[13-Aug-2013 02:26:45 UTC] PHP   5. janderson\protocol\handler\HTTPHandler->read() /home/janderson/git/janderson/protocol/handler/WebsocketHandler.php:95
[13-Aug-2013 02:26:45 UTC] PHP   6. janderson\protocol\handler\WebsocketHandler->dispatch() /home/janderson/git/janderson/protocol/handler/HTTPHandler.php:149
[13-Aug-2013 02:26:45 UTC] PHP   7. janderson\protocol\handler\HTTPHandler->dispatch() /home/janderson/git/janderson/protocol/handler/WebsocketHandler.php:159
[13-Aug-2013 02:26:45 UTC] PHP   8. janderson\protocol\http\handler\Dispatcher->handle() /home/janderson/git/janderson/protocol/handler/HTTPHandler.php:167
[13-Aug-2013 02:26:45 UTC] PHP   9. janderson\protocol\http\handler\JSONRPCHandler->handle() /home/janderson/git/janderson/protocol/http/handler/Dispatcher.php:64
[13-Aug-2013 02:26:45 UTC] PHP  10. janderson\protocol\http\handler\JSONRPCHandler->callService() /home/janderson/git/janderson/protocol/http/handler/JSONRPCHandler.php:87
[13-Aug-2013 02:26:45 UTC] PHP  11. call_user_func_array() /home/janderson/git/janderson/protocol/http/handler/JSONRPCHandler.php:135
[13-Aug-2013 02:26:45 UTC] PHP  12. janderson\examples\chat\ChatService::register() /home/janderson/git/janderson/protocol/http/handler/JSONRPCHandler.php:135
[13-Aug-2013 02:26:45 UTC] PHP  13. janderson\{closure}() /home/janderson/git/janderson/protocol/http/handler/JSONRPCHandler.php:0
[13-Aug-2013 02:26:45 UTC] PHP Warning:  include(): Failed opening '/home/janderson/git/janderson/examples/chat/stdClass.php' for inclusion (include_path='.:/usr/share/php:/usr/share/pear') in /home/janderson/git/janderson/server.php on line 15
[13-Aug-2013 02:26:45 UTC] PHP Stack trace:
[13-Aug-2013 02:26:45 UTC] PHP   1. {main}() /home/janderson/git/janderson/server.php:0
[13-Aug-2013 02:26:45 UTC] PHP   2. janderson\socket\server\Server->run() /home/janderson/git/janderson/server.php:288
[13-Aug-2013 02:26:45 UTC] PHP   3. janderson\socket\server\Server->recv() /home/janderson/git/janderson/socket/server/Server.php:137
[13-Aug-2013 02:26:45 UTC] PHP   4. janderson\protocol\handler\WebsocketHandler->read() /home/janderson/git/janderson/socket/server/Server.php:256
[13-Aug-2013 02:26:45 UTC] PHP   5. janderson\protocol\handler\HTTPHandler->read() /home/janderson/git/janderson/protocol/handler/WebsocketHandler.php:95
[13-Aug-2013 02:26:45 UTC] PHP   6. janderson\protocol\handler\WebsocketHandler->dispatch() /home/janderson/git/janderson/protocol/handler/HTTPHandler.php:149
[13-Aug-2013 02:26:45 UTC] PHP   7. janderson\protocol\handler\HTTPHandler->dispatch() /home/janderson/git/janderson/protocol/handler/WebsocketHandler.php:159
[13-Aug-2013 02:26:45 UTC] PHP   8. janderson\protocol\http\handler\Dispatcher->handle() /home/janderson/git/janderson/protocol/handler/HTTPHandler.php:167
[13-Aug-2013 02:26:45 UTC] PHP   9. janderson\protocol\http\handler\JSONRPCHandler->handle() /home/janderson/git/janderson/protocol/http/handler/Dispatcher.php:64
[13-Aug-2013 02:26:45 UTC] PHP  10. janderson\protocol\http\handler\JSONRPCHandler->callService() /home/janderson/git/janderson/protocol/http/handler/JSONRPCHandler.php:87
[13-Aug-2013 02:26:45 UTC] PHP  11. call_user_func_array() /home/janderson/git/janderson/protocol/http/handler/JSONRPCHandler.php:135
[13-Aug-2013 02:26:45 UTC] PHP  12. janderson\examples\chat\ChatService::register() /home/janderson/git/janderson/protocol/http/handler/JSONRPCHandler.php:135
[13-Aug-2013 02:26:45 UTC] PHP  13. janderson\{closure}() /home/janderson/git/janderson/protocol/http/handler/JSONRPCHandler.php:0
[13-Aug-2013 02:27:14 UTC] DEBUG: Logger created. Level set to debug
[13-Aug-2013 02:27:14 UTC] INFO: Handling requests for /jsonrpc/ with JSON-RPC handler
[13-Aug-2013 02:27:14 UTC] INFO: Handling requests for / with static files from public
[13-Aug-2013 02:27:14 UTC] INFO: Handling Websocket requests for /echo with janderson\protocol\handler\EchoHandler
[13-Aug-2013 02:30:19 UTC] DEBUG: Logger created. Level set to debug
[13-Aug-2013 02:30:19 UTC] INFO: Handling requests for /jsonrpc/ with JSON-RPC handler
[13-Aug-2013 02:30:19 UTC] INFO: Handling requests for / with static files from public
[13-Aug-2013 02:30:19 UTC] INFO: Handling Websocket requests for /echo with janderson\protocol\handler\EchoHandler
[13-Aug-2013 02:30:50 UTC] PHP Notice:  Undefined offset: 58 in /home/janderson/git/janderson/examples/chat/ChatService.php on line 35
[13-Aug-2013 02:30:50 UTC] PHP Stack trace:
[13-Aug-2013 02:30:50 UTC] PHP   1. {main}() /home/janderson/git/janderson/server.php:0
[13-Aug-2013 02:30:50 UTC] PHP   2. janderson\socket\server\Server->run() /home/janderson/git/janderson/server.php:288
[13-Aug-2013 02:30:50 UTC] PHP   3. janderson\socket\server\Server->recv() /home/janderson/git/janderson/socket/server/Server.php:137
[13-Aug-2013 02:30:50 UTC] PHP   4. janderson\protocol\handler\WebsocketHandler->read() /home/janderson/git/janderson/socket/server/Server.php:256
[13-Aug-2013 02:30:50 UTC] PHP   5. janderson\protocol\handler\HTTPHandler->read() /home/janderson/git/janderson/protocol/handler/WebsocketHandler.php:95
[13-Aug-2013 02:30:50 UTC] PHP   6. janderson\protocol\handler\WebsocketHandler->dispatch() /home/janderson/git/janderson/protocol/handler/HTTPHandler.php:149
[13-Aug-2013 02:30:50 UTC] PHP   7. janderson\protocol\handler\HTTPHandler->dispatch() /home/janderson/git/janderson/protocol/handler/WebsocketHandler.php:159
[13-Aug-2013 02:30:50 UTC] PHP   8. janderson\protocol\http\handler\Dispatcher->handle() /home/janderson/git/janderson/protocol/handler/HTTPHandler.php:167
[13-Aug-2013 02:30:50 UTC] PHP   9. janderson\protocol\http\handler\JSONRPCHandler->handle() /home/janderson/git/janderson/protocol/http/handler/Dispatcher.php:64
[13-Aug-2013 02:30:50 UTC] PHP  10. janderson\protocol\http\handler\JSONRPCHandler->callService() /home/janderson/git/janderson/protocol/http/handler/JSONRPCHandler.php:87
[13-Aug-2013 02:30:50 UTC] PHP  11. call_user_func_array() /home/janderson/git/janderson/protocol/http/handler/JSONRPCHandler.php:135
[13-Aug-2013 02:30:50 UTC] PHP  12. janderson\examples\chat\ChatService::register() /home/janderson/git/janderson/protocol/http/handler/JSONRPCHandler.php:135
[13-Aug-2013 02:30:50 UTC] PHP  13. janderson\examples\chat\ChatService::crypt() /home/janderson/git/janderson/examples/chat/ChatService.php:64
[13-Aug-2013 02:32:29 UTC] DEBUG: Logger created. Level set to debug
[13-Aug-2013 02:32:29 UTC] INFO: Handling requests for /jsonrpc/ with JSON-RPC handler
[13-Aug-2013 02:32:29 UTC] INFO: Handling requests for / with static files from public
[13-Aug-2013 02:32:29 UTC] INFO: Handling Websocket requests for /echo with janderson\protocol\handler\EchoHandler
[13-Aug-2013 02:33:01 UTC] DEBUG: Logger created. Level set to debug
[13-Aug-2013 02:33:01 UTC] INFO: Handling requests for /jsonrpc/ with JSON-RPC handler
[13-Aug-2013 02:33:01 UTC] INFO: Handling requests for / with static files from public
[13-Aug-2013 02:33:01 UTC] INFO: Handling Websocket requests for /echo with janderson\protocol\handler\EchoHandler
[13-Aug-2013 02:35:31 UTC] DEBUG: Logger created. Level set to debug
[13-Aug-2013 02:35:31 UTC] INFO: Handling requests for /jsonrpc/ with JSON-RPC handler
[13-Aug-2013 02:35:31 UTC] INFO: Handling requests for / with static files from public
[13-Aug-2013 02:35:31 UTC] INFO: Handling Websocket requests for /echo with janderson\protocol\handler\EchoHandler
[13-Aug-2013 02:37:06 UTC] DEBUG: Logger created. Level set to debug
[13-Aug-2013 02:37:06 UTC] INFO: Handling requests for /jsonrpc/ with JSON-RPC handler
[13-Aug-2013 02:37:06 UTC] INFO: Handling requests for / with static files from public
[13-Aug-2013 02:37:06 UTC] INFO: Handling Websocket requests for /echo with janderson\protocol\handler\EchoHandler
[13-Aug-2013 02:37:14 UTC] PHP Notice:  Undefined offset: 61 in /home/janderson/git/janderson/examples/chat/ChatService.php on line 36
[13-Aug-2013 02:37:14 UTC] PHP Stack trace:
[13-Aug-2013 02:37:14 UTC] PHP   1. {main}() /home/janderson/git/janderson/server.php:0
[13-Aug-2013 02:37:14 UTC] PHP   2. janderson\socket\server\Server->run() /home/janderson/git/janderson/server.php:288
[13-Aug-2013 02:37:14 UTC] PHP   3. janderson\socket\server\Server->recv() /home/janderson/git/janderson/socket/server/Server.php:137
[13-Aug-2013 02:37:14 UTC] PHP   4. janderson\protocol\handler\WebsocketHandler->read() /home/janderson/git/janderson/socket/server/Server.php:256
[13-Aug-2013 02:37:14 UTC] PHP   5. janderson\protocol\handler\HTTPHandler->read() /home/janderson/git/janderson/protocol/handler/WebsocketHandler.php:95
[13-Aug-2013 02:37:14 UTC] PHP   6. janderson\protocol\handler\WebsocketHandler->dispatch() /home/janderson/git/janderson/protocol/handler/HTTPHandler.php:149
[13-Aug-2013 02:37:14 UTC] PHP   7. janderson\protocol\handler\HTTPHandler->dispatch() /home/janderson/git/janderson/protocol/handler/WebsocketHandler.php:159
[13-Aug-2013 02:37:14 UTC] PHP   8. janderson\protocol\http\handler\Dispatcher->handle() /home/janderson/git/janderson/protocol/handler/HTTPHandler.php:167
[13-Aug-2013 02:37:14 UTC] PHP   9. janderson\protocol\http\handler\JSONRPCHandler->handle() /home/janderson/git/janderson/protocol/http/handler/Dispatcher.php:64
[13-Aug-2013 02:37:14 UTC] PHP  10. janderson\protocol\http\handler\JSONRPCHandler->callService() /home/janderson/git/janderson/protocol/http/handler/JSONRPCHandler.php:87
[13-Aug-2013 02:37:14 UTC] PHP  11. call_user_func_array() /home/janderson/git/janderson/protocol/http/handler/JSONRPCHandler.php:135
[13-Aug-2013 02:37:14 UTC] PHP  12. janderson\examples\chat\ChatService::register() /home/janderson/git/janderson/protocol/http/handler/JSONRPCHandler.php:135
[13-Aug-2013 02:37:14 UTC] PHP  13. janderson\examples\chat\ChatService::crypt() /home/janderson/git/janderson/examples/chat/ChatService.php:66
[13-Aug-2013 02:37:14 UTC] PHP Notice:  Undefined offset: 59 in /home/janderson/git/janderson/examples/chat/ChatService.php on line 36
[13-Aug-2013 02:37:14 UTC] PHP Stack trace:
[13-Aug-2013 02:37:14 UTC] PHP   1. {main}() /home/janderson/git/janderson/server.php:0
[13-Aug-2013 02:37:14 UTC] PHP   2. janderson\socket\server\Server->run() /home/janderson/git/janderson/server.php:288
[13-Aug-2013 02:37:14 UTC] PHP   3. janderson\socket\server\Server->recv() /home/janderson/git/janderson/socket/server/Server.php:137
[13-Aug-2013 02:37:14 UTC] PHP   4. janderson\protocol\handler\WebsocketHandler->read() /home/janderson/git/janderson/socket/server/Server.php:256
[13-Aug-2013 02:37:14 UTC] PHP   5. janderson\protocol\handler\HTTPHandler->read() /home/janderson/git/janderson/protocol/handler/WebsocketHandler.php:95
[13-Aug-2013 02:37:14 UTC] PHP   6. janderson\protocol\handler\WebsocketHandler->dispatch() /home/janderson/git/janderson/protocol/handler/HTTPHandler.php:149
[13-Aug-2013 02:37:14 UTC] PHP   7. janderson\protocol\handler\HTTPHandler->dispatch() /home/janderson/git/janderson/protocol/handler/WebsocketHandler.php:159
[13-Aug-2013 02:37:14 UTC] PHP   8. janderson\protocol\http\handler\Dispatcher->handle() /home/janderson/git/janderson/protocol/handler/HTTPHandler.php:167
[13-Aug-2013 02:37:14 UTC] PHP   9. janderson\protocol\http\handler\JSONRPCHandler->handle() /home/janderson/git/janderson/protocol/http/handler/Dispatcher.php:64
[13-Aug-2013 02:37:14 UTC] PHP  10. janderson\protocol\http\handler\JSONRPCHandler->callService() /home/janderson/git/janderson/protocol/http/handler/JSONRPCHandler.php:87
[13-Aug-2013 02:37:14 UTC] PHP  11. call_user_func_array() /home/janderson/git/janderson/protocol/http/handler/JSONRPCHandler.php:135
[13-Aug-2013 02:37:14 UTC] PHP  12. janderson\examples\chat\ChatService::register() /home/janderson/git/janderson/protocol/http/handler/JSONRPCHandler.php:135
[13-Aug-2013 02:37:14 UTC] PHP  13. janderson\examples\chat\ChatService::crypt() /home/janderson/git/janderson/examples/chat/ChatService.php:66
[13-Aug-2013 02:37:14 UTC] PHP Notice:  Undefined offset: 62 in /home/janderson/git/janderson/examples/chat/ChatService.php on line 36
[13-Aug-2013 02:37:14 UTC] PHP Stack trace:
[13-Aug-2013 02:37:14 UTC] PHP   1. {main}() /home/janderson/git/janderson/server.php:0
[13-Aug-2013 02:37:14 UTC] PHP   2. janderson\socket\server\Server->run() /home/janderson/git/janderson/server.php:288
[13-Aug-2013 02:37:14 UTC] PHP   3. janderson\socket\server\Server->recv() /home/janderson/git/janderson/socket/server/Server.php:137
[13-Aug-2013 02:37:14 UTC] PHP   4. janderson\protocol\handler\WebsocketHandler->read() /home/janderson/git/janderson/socket/server/Server.php:256
[13-Aug-2013 02:37:14 UTC] PHP   5. janderson\protocol\handler\HTTPHandler->read() /home/janderson/git/janderson/protocol/handler/WebsocketHandler.php:95
[13-Aug-2013 02:37:14 UTC] PHP   6. janderson\protocol\handler\WebsocketHandler->dispatch() /home/janderson/git/janderson/protocol/handler/HTTPHandler.php:149
[13-Aug-2013 02:37:14 UTC] PHP   7. janderson\protocol\handler\HTTPHandler->dispatch() /home/janderson/git/janderson/protocol/handler/WebsocketHandler.php:159
[13-Aug-2013 02:37:14 UTC] PHP   8. janderson\protocol\http\handler\Dispatcher->handle() /home/janderson/git/janderson/protocol/handler/HTTPHandler.php:167
[13-Aug-2013 02:37:14 UTC] PHP   9. janderson\protocol\http\handler\JSONRPCHandler->handle() /home/janderson/git/janderson/protocol/http/handler/Dispatcher.php:64
[13-Aug-2013 02:37:14 UTC] PHP  10. janderson\protocol\http\handler\JSONRPCHandler->callService() /home/janderson/git/janderson/protocol/http/handler/JSONRPCHandler.php:87
[13-Aug-2013 02:37:14 UTC] PHP  11. call_user_func_array() /home/janderson/git/janderson/protocol/http/handler/JSONRPCHandler.php:135
[13-Aug-2013 02:37:14 UTC] PHP  12. janderson\examples\chat\ChatService::register() /home/janderson/git/janderson/protocol/http/handler/JSONRPCHandler.php:135
[13-Aug-2013 02:37:14 UTC] PHP  13. janderson\examples\chat\ChatService::crypt() /home/janderson/git/janderson/examples/chat/ChatService.php:66
[13-Aug-2013 02:37:44 UTC] DEBUG: Logger created. Level set to debug
[13-Aug-2013 02:37:44 UTC] INFO: Handling requests for /jsonrpc/ with JSON-RPC handler
[13-Aug-2013 02:37:44 UTC] INFO: Handling requests for / with static files from public
[13-Aug-2013 02:37:44 UTC] INFO: Handling Websocket requests for /echo with janderson\protocol\handler\EchoHandler
[13-Aug-2013 02:39:48 UTC] PHP Notice:  Undefined variable: request in /home/janderson/git/janderson/examples/chat/ChatService.php on line 86
[13-Aug-2013 02:39:48 UTC] PHP Stack trace:
[13-Aug-2013 02:39:48 UTC] PHP   1. {main}() /home/janderson/git/janderson/server.php:0
[13-Aug-2013 02:39:48 UTC] PHP   2. janderson\socket\server\Server->run() /home/janderson/git/janderson/server.php:288
[13-Aug-2013 02:39:48 UTC] PHP   3. janderson\socket\server\Server->recv() /home/janderson/git/janderson/socket/server/Server.php:137
[13-Aug-2013 02:39:48 UTC] PHP   4. janderson\protocol\handler\WebsocketHandler->read() /home/janderson/git/janderson/socket/server/Server.php:256
[13-Aug-2013 02:39:48 UTC] PHP   5. janderson\protocol\handler\HTTPHandler->read() /home/janderson/git/janderson/protocol/handler/WebsocketHandler.php:95
[13-Aug-2013 02:39:48 UTC] PHP   6. janderson\protocol\handler\WebsocketHandler->dispatch() /home/janderson/git/janderson/protocol/handler/HTTPHandler.php:149
[13-Aug-2013 02:39:48 UTC] PHP   7. janderson\protocol\handler\HTTPHandler->dispatch() /home/janderson/git/janderson/protocol/handler/WebsocketHandler.php:159
[13-Aug-2013 02:39:48 UTC] PHP   8. janderson\protocol\http\handler\Dispatcher->handle() /home/janderson/git/janderson/protocol/handler/HTTPHandler.php:167
[13-Aug-2013 02:39:48 UTC] PHP   9. janderson\protocol\http\handler\JSONRPCHandler->handle() /home/janderson/git/janderson/protocol/http/handler/Dispatcher.php:64
[13-Aug-2013 02:39:48 UTC] PHP  10. janderson\protocol\http\handler\JSONRPCHandler->callService() /home/janderson/git/janderson/protocol/http/handler/JSONRPCHandler.php:87
[13-Aug-2013 02:39:48 UTC] PHP  11. call_user_func_array() /home/janderson/git/janderson/protocol/http/handler/JSONRPCHandler.php:135
[13-Aug-2013 02:39:48 UTC] PHP  12. janderson\examples\chat\ChatService::getRooms() /home/janderson/git/janderson/protocol/http/handler/JSONRPCHandler.php:135
[13-Aug-2013 02:39:48 UTC] PHP Notice:  Trying to get property of non-object in /home/janderson/git/janderson/examples/chat/ChatService.php on line 86
[13-Aug-2013 02:39:48 UTC] PHP Stack trace:
[13-Aug-2013 02:39:48 UTC] PHP   1. {main}() /home/janderson/git/janderson/server.php:0
[13-Aug-2013 02:39:48 UTC] PHP   2. janderson\socket\server\Server->run() /home/janderson/git/janderson/server.php:288
[13-Aug-2013 02:39:48 UTC] PHP   3. janderson\socket\server\Server->recv() /home/janderson/git/janderson/socket/server/Server.php:137
[13-Aug-2013 02:39:48 UTC] PHP   4. janderson\protocol\handler\WebsocketHandler->read() /home/janderson/git/janderson/socket/server/Server.php:256
[13-Aug-2013 02:39:48 UTC] PHP   5. janderson\protocol\handler\HTTPHandler->read() /home/janderson/git/janderson/protocol/handler/WebsocketHandler.php:95
[13-Aug-2013 02:39:48 UTC] PHP   6. janderson\protocol\handler\WebsocketHandler->dispatch() /home/janderson/git/janderson/protocol/handler/HTTPHandler.php:149
[13-Aug-2013 02:39:48 UTC] PHP   7. janderson\protocol\handler\HTTPHandler->dispatch() /home/janderson/git/janderson/protocol/handler/WebsocketHandler.php:159
[13-Aug-2013 02:39:48 UTC] PHP   8. janderson\protocol\http\handler\Dispatcher->handle() /home/janderson/git/janderson/protocol/handler/HTTPHandler.php:167
[13-Aug-2013 02:39:48 UTC] PHP   9. janderson\protocol\http\handler\JSONRPCHandler->handle() /home/janderson/git/janderson/protocol/http/handler/Dispatcher.php:64
[13-Aug-2013 02:39:48 UTC] PHP  10. janderson\protocol\http\handler\JSONRPCHandler->callService() /home/janderson/git/janderson/protocol/http/handler/JSONRPCHandler.php:87
[13-Aug-2013 02:39:48 UTC] PHP  11. call_user_func_array() /home/janderson/git/janderson/protocol/http/handler/JSONRPCHandler.php:135
[13-Aug-2013 02:39:48 UTC] PHP  12. janderson\examples\chat\ChatService::getRooms() /home/janderson/git/janderson/protocol/http/handler/JSONRPCHandler.php:135
[13-Aug-2013 02:41:58 UTC] PHP Notice:  Undefined variable: request in /home/janderson/git/janderson/examples/chat/ChatService.php on line 86
[13-Aug-2013 02:41:58 UTC] PHP Stack trace:
[13-Aug-2013 02:41:58 UTC] PHP   1. {main}() /home/janderson/git/janderson/server.php:0
[13-Aug-2013 02:41:58 UTC] PHP   2. janderson\socket\server\Server->run() /home/janderson/git/janderson/server.php:288
[13-Aug-2013 02:41:58 UTC] PHP   3. janderson\socket\server\Server->recv() /home/janderson/git/janderson/socket/server/Server.php:137
[13-Aug-2013 02:41:58 UTC] PHP   4. janderson\protocol\handler\WebsocketHandler->read() /home/janderson/git/janderson/socket/server/Server.php:256
[13-Aug-2013 02:41:58 UTC] PHP   5. janderson\protocol\handler\HTTPHandler->read() /home/janderson/git/janderson/protocol/handler/WebsocketHandler.php:95
[13-Aug-2013 02:41:58 UTC] PHP   6. janderson\protocol\handler\WebsocketHandler->dispatch() /home/janderson/git/janderson/protocol/handler/HTTPHandler.php:149
[13-Aug-2013 02:41:58 UTC] PHP   7. janderson\protocol\handler\HTTPHandler->dispatch() /home/janderson/git/janderson/protocol/handler/WebsocketHandler.php:159
[13-Aug-2013 02:41:58 UTC] PHP   8. janderson\protocol\http\handler\Dispatcher->handle() /home/janderson/git/janderson/protocol/handler/HTTPHandler.php:167
[13-Aug-2013 02:41:58 UTC] PHP   9. janderson\protocol\http\handler\JSONRPCHandler->handle() /home/janderson/git/janderson/protocol/http/handler/Dispatcher.php:64
[13-Aug-2013 02:41:58 UTC] PHP  10. janderson\protocol\http\handler\JSONRPCHandler->callService() /home/janderson/git/janderson/protocol/http/handler/JSONRPCHandler.php:87
[13-Aug-2013 02:41:58 UTC] PHP  11. call_user_func_array() /home/janderson/git/janderson/protocol/http/handler/JSONRPCHandler.php:135
[13-Aug-2013 02:41:58 UTC] PHP  12. janderson\examples\chat\ChatService::getRooms() /home/janderson/git/janderson/protocol/http/handler/JSONRPCHandler.php:135
[13-Aug-2013 02:41:58 UTC] PHP Notice:  Trying to get property of non-object in /home/janderson/git/janderson/examples/chat/ChatService.php on line 86
[13-Aug-2013 02:41:58 UTC] PHP Stack trace:
[13-Aug-2013 02:41:58 UTC] PHP   1. {main}() /home/janderson/git/janderson/server.php:0
[13-Aug-2013 02:41:58 UTC] PHP   2. janderson\socket\server\Server->run() /home/janderson/git/janderson/server.php:288
[13-Aug-2013 02:41:58 UTC] PHP   3. janderson\socket\server\Server->recv() /home/janderson/git/janderson/socket/server/Server.php:137
[13-Aug-2013 02:41:58 UTC] PHP   4. janderson\protocol\handler\WebsocketHandler->read() /home/janderson/git/janderson/socket/server/Server.php:256
[13-Aug-2013 02:41:58 UTC] PHP   5. janderson\protocol\handler\HTTPHandler->read() /home/janderson/git/janderson/protocol/handler/WebsocketHandler.php:95
[13-Aug-2013 02:41:58 UTC] PHP   6. janderson\protocol\handler\WebsocketHandler->dispatch() /home/janderson/git/janderson/protocol/handler/HTTPHandler.php:149
[13-Aug-2013 02:41:58 UTC] PHP   7. janderson\protocol\handler\HTTPHandler->dispatch() /home/janderson/git/janderson/protocol/handler/WebsocketHandler.php:159
[13-Aug-2013 02:41:58 UTC] PHP   8. janderson\protocol\http\handler\Dispatcher->handle() /home/janderson/git/janderson/protocol/handler/HTTPHandler.php:167
[13-Aug-2013 02:41:58 UTC] PHP   9. janderson\protocol\http\handler\JSONRPCHandler->handle() /home/janderson/git/janderson/protocol/http/handler/Dispatcher.php:64
[13-Aug-2013 02:41:58 UTC] PHP  10. janderson\protocol\http\handler\JSONRPCHandler->callService() /home/janderson/git/janderson/protocol/http/handler/JSONRPCHandler.php:87
[13-Aug-2013 02:41:58 UTC] PHP  11. call_user_func_array() /home/janderson/git/janderson/protocol/http/handler/JSONRPCHandler.php:135
[13-Aug-2013 02:41:58 UTC] PHP  12. janderson\examples\chat\ChatService::getRooms() /home/janderson/git/janderson/protocol/http/handler/JSONRPCHandler.php:135
[13-Aug-2013 02:42:34 UTC] PHP Notice:  Undefined variable: request in /home/janderson/git/janderson/examples/chat/ChatService.php on line 86
[13-Aug-2013 02:42:34 UTC] PHP Stack trace:
[13-Aug-2013 02:42:34 UTC] PHP   1. {main}() /home/janderson/git/janderson/server.php:0
[13-Aug-2013 02:42:34 UTC] PHP   2. janderson\socket\server\Server->run() /home/janderson/git/janderson/server.php:288
[13-Aug-2013 02:42:34 UTC] PHP   3. janderson\socket\server\Server->recv() /home/janderson/git/janderson/socket/server/Server.php:137
[13-Aug-2013 02:42:34 UTC] PHP   4. janderson\protocol\handler\WebsocketHandler->read() /home/janderson/git/janderson/socket/server/Server.php:256
[13-Aug-2013 02:42:34 UTC] PHP   5. janderson\protocol\handler\HTTPHandler->read() /home/janderson/git/janderson/protocol/handler/WebsocketHandler.php:95
[13-Aug-2013 02:42:34 UTC] PHP   6. janderson\protocol\handler\WebsocketHandler->dispatch() /home/janderson/git/janderson/protocol/handler/HTTPHandler.php:149
[13-Aug-2013 02:42:34 UTC] PHP   7. janderson\protocol\handler\HTTPHandler->dispatch() /home/janderson/git/janderson/protocol/handler/WebsocketHandler.php:159
[13-Aug-2013 02:42:34 UTC] PHP   8. janderson\protocol\http\handler\Dispatcher->handle() /home/janderson/git/janderson/protocol/handler/HTTPHandler.php:167
[13-Aug-2013 02:42:34 UTC] PHP   9. janderson\protocol\http\handler\JSONRPCHandler->handle() /home/janderson/git/janderson/protocol/http/handler/Dispatcher.php:64
[13-Aug-2013 02:42:34 UTC] PHP  10. janderson\protocol\http\handler\JSONRPCHandler->callService() /home/janderson/git/janderson/protocol/http/handler/JSONRPCHandler.php:87
[13-Aug-2013 02:42:34 UTC] PHP  11. call_user_func_array() /home/janderson/git/janderson/protocol/http/handler/JSONRPCHandler.php:135
[13-Aug-2013 02:42:34 UTC] PHP  12. janderson\examples\chat\ChatService::getRooms() /home/janderson/git/janderson/protocol/http/handler/JSONRPCHandler.php:135
[13-Aug-2013 02:42:34 UTC] PHP Notice:  Trying to get property of non-object in /home/janderson/git/janderson/examples/chat/ChatService.php on line 86
[13-Aug-2013 02:42:34 UTC] PHP Stack trace:
[13-Aug-2013 02:42:34 UTC] PHP   1. {main}() /home/janderson/git/janderson/server.php:0
[13-Aug-2013 02:42:34 UTC] PHP   2. janderson\socket\server\Server->run() /home/janderson/git/janderson/server.php:288
[13-Aug-2013 02:42:34 UTC] PHP   3. janderson\socket\server\Server->recv() /home/janderson/git/janderson/socket/server/Server.php:137
[13-Aug-2013 02:42:34 UTC] PHP   4. janderson\protocol\handler\WebsocketHandler->read() /home/janderson/git/janderson/socket/server/Server.php:256
[13-Aug-2013 02:42:34 UTC] PHP   5. janderson\protocol\handler\HTTPHandler->read() /home/janderson/git/janderson/protocol/handler/WebsocketHandler.php:95
[13-Aug-2013 02:42:34 UTC] PHP   6. janderson\protocol\handler\WebsocketHandler->dispatch() /home/janderson/git/janderson/protocol/handler/HTTPHandler.php:149
[13-Aug-2013 02:42:34 UTC] PHP   7. janderson\protocol\handler\HTTPHandler->dispatch() /home/janderson/git/janderson/protocol/handler/WebsocketHandler.php:159
[13-Aug-2013 02:42:34 UTC] PHP   8. janderson\protocol\http\handler\Dispatcher->handle() /home/janderson/git/janderson/protocol/handler/HTTPHandler.php:167
[13-Aug-2013 02:42:34 UTC] PHP   9. janderson\protocol\http\handler\JSONRPCHandler->handle() /home/janderson/git/janderson/protocol/http/handler/Dispatcher.php:64
[13-Aug-2013 02:42:34 UTC] PHP  10. janderson\protocol\http\handler\JSONRPCHandler->callService() /home/janderson/git/janderson/protocol/http/handler/JSONRPCHandler.php:87
[13-Aug-2013 02:42:34 UTC] PHP  11. call_user_func_array() /home/janderson/git/janderson/protocol/http/handler/JSONRPCHandler.php:135
[13-Aug-2013 02:42:34 UTC] PHP  12. janderson\examples\chat\ChatService::getRooms() /home/janderson/git/janderson/protocol/http/handler/JSONRPCHandler.php:135
[15-Aug-2013 01:46:09 UTC] DEBUG: Logger created. Level set to debug
[15-Aug-2013 01:46:09 UTC] INFO: Handling requests for /jsonrpc/ with JSON-RPC handler
[15-Aug-2013 01:46:09 UTC] INFO: Handling requests for / with static files from public
[15-Aug-2013 01:46:09 UTC] INFO: Handling Websocket requests for /echo with janderson\protocol\handler\EchoHandler
[16-Aug-2013 01:26:15 UTC] DEBUG: Logger created. Level set to debug
[16-Aug-2013 01:26:15 UTC] INFO: Handling requests for /jsonrpc/ with JSON-RPC handler
[16-Aug-2013 01:26:15 UTC] INFO: Handling requests for / with static files from public
[16-Aug-2013 01:26:15 UTC] INFO: Handling Websocket requests for /echo with janderson\protocol\handler\EchoHandler
[16-Aug-2013 01:41:58 UTC] DEBUG: Logger created. Level set to debug
[16-Aug-2013 01:41:58 UTC] INFO: Handling requests for /jsonrpc/ with JSON-RPC handler
[16-Aug-2013 01:41:58 UTC] INFO: Handling requests for / with static files from public
[16-Aug-2013 01:41:58 UTC] INFO: Handling Websocket requests for /echo with janderson\protocol\handler\EchoHandler
[16-Aug-2013 01:42:25 UTC] DEBUG: Logger created. Level set to debug
[16-Aug-2013 01:42:25 UTC] INFO: Handling requests for /jsonrpc/ with JSON-RPC handler
[16-Aug-2013 01:42:25 UTC] INFO: Handling requests for / with static files from public
[16-Aug-2013 01:42:25 UTC] INFO: Handling Websocket requests for /echo with janderson\protocol\handler\EchoHandler
[16-Aug-2013 01:44:13 UTC] DEBUG: Logger created. Level set to debug
[16-Aug-2013 01:44:13 UTC] INFO: Handling requests for /jsonrpc/ with JSON-RPC handler
[16-Aug-2013 01:44:13 UTC] INFO: Handling requests for / with static files from public
[16-Aug-2013 01:44:13 UTC] INFO: Handling Websocket requests for /echo with janderson\protocol\handler\EchoHandler
[16-Aug-2013 01:45:18 UTC] DEBUG: Logger created. Level set to debug
[16-Aug-2013 01:45:18 UTC] INFO: Handling requests for /jsonrpc/ with JSON-RPC handler
[16-Aug-2013 01:45:18 UTC] INFO: Handling requests for / with static files from public
[16-Aug-2013 01:45:18 UTC] INFO: Handling Websocket requests for /echo with janderson\protocol\handler\EchoHandler
[17-Aug-2013 14:20:15 UTC] DEBUG: Logger created. Level set to debug
[17-Aug-2013 14:20:15 UTC] INFO: Handling requests for /jsonrpc/ with JSON-RPC handler
[17-Aug-2013 14:20:15 UTC] INFO: Handling requests for / with static files from public
[17-Aug-2013 14:20:15 UTC] INFO: Handling Websocket requests for /echo with janderson\protocol\handler\EchoHandler
[17-Aug-2013 18:42:14 UTC] DEBUG: Logger created. Level set to debug
[17-Aug-2013 18:42:14 UTC] INFO: Handling requests for /jsonrpc/ with JSON-RPC handler
[17-Aug-2013 18:42:14 UTC] INFO: Handling requests for / with static files from public
[17-Aug-2013 18:42:14 UTC] INFO: Handling Websocket requests for /echo with janderson\protocol\handler\EchoHandler
[17-Aug-2013 20:27:33 UTC] DEBUG: Logger created. Level set to debug
[17-Aug-2013 20:27:33 UTC] INFO: Handling requests for /jsonrpc/ with JSON-RPC handler
[17-Aug-2013 20:27:33 UTC] INFO: Handling requests for / with static files from public
[17-Aug-2013 20:27:33 UTC] INFO: Handling Websocket requests for /echo with janderson\protocol\handler\EchoHandler
